<test-run id="2" testcasecount="412" result="Passed" start-time="2024-02-20 03:19:14.451579" end-time="2024-02-20 03:19:58.752118" duration="44" total="412" passed="0" failed="412" inconclusive="0" skipped="0" asserts="0" clr-version="3.11.4 (main, Jun  7 2023, 18:32:58) [GCC 10.2.1 20210110]" engine-version="3.6.2"><command-line>/home/vscode/.local/lib/python3.11/site-packages/pytest/__main__.py --environment internal7 -m contactapi</command-line><filter><test re="0">internal7</test><namespace re="0">contactapi</namespace></filter><test-suite id="testCases/apiTestCases/global/platform/globalApi/test_globalapi_deleteoauthbyid.py" name="testCases/apiTestCases/global/platform/globalApi/test_globalapi_deleteoauthbyid.py" fullname="testCases/apiTestCases/global/platform/globalApi/test_globalapi_deleteoauthbyid.py" methodname="" classname="" runstate="Runnable" type="Assembly" testcasecount="0" result="Passed" label="" start-time="1-01-01 00:00:00.000000" end-time="1-01-01 00:00:00.000000" duration="0.0" asserts="0" total="0" passed="0" failed="0" warnings="0" inconclusive="0" skipped="0"><properties><property name="python_version" value="3.11.4 (main, Jun  7 2023, 18:32:58) [GCC 10.2.1 20210110]" /></properties><environment framework-version="3.6.2" clr-version="3.11.4 (main, Jun  7 2023, 18:32:58) [GCC 10.2.1 20210110]" os-version="5.15.133.1-microsoft-standard-WSL2" platform="Linux" cwd="/workspaces/GlobalAutomationTest" machine-name="x86_64" user="" user-domain="" culture="en_US" uiculture="en_US" os-architecture="64bit" /></test-suite><test-suite id="testCases/apiTestCases/global/platform/contactApiOlder/test_contactapi_putcontactbyid_older.py::TestPutContactById" name="testCases/apiTestCases/global/platform/contactApiOlder/test_contactapi_putcontactbyid_older.py::TestPutContactById" fullname="testCases/apiTestCases/global/platform/contactApiOlder/test_contactapi_putcontactbyid_older.py::TestPutContactById" methodname="" classname="" runstate="Runnable" type="Assembly" testcasecount="0" result="Passed" label="" start-time="1-01-01 00:00:00.000000" end-time="1-01-01 00:00:00.000000" duration="0.0" asserts="0" total="0" passed="0" failed="0" warnings="0" inconclusive="0" skipped="0"><properties><property name="python_version" value="3.11.4 (main, Jun  7 2023, 18:32:58) [GCC 10.2.1 20210110]" /></properties><environment framework-version="3.6.2" clr-version="3.11.4 (main, Jun  7 2023, 18:32:58) [GCC 10.2.1 20210110]" os-version="5.15.133.1-microsoft-standard-WSL2" platform="Linux" cwd="/workspaces/GlobalAutomationTest" machine-name="x86_64" user="" user-domain="" culture="en_US" uiculture="en_US" os-architecture="64bit" /></test-suite><test-suite id="testCases/apiTestCases/global/platform/globalApi/test_globalapi_putpubliccannedmessagecategory.py::TestPutPublicCannedMessageCategory" name="testCases/apiTestCases/global/platform/globalApi/test_globalapi_putpubliccannedmessagecategory.py::TestPutPublicCannedMessageCategory" fullname="testCases/apiTestCases/global/platform/globalApi/test_globalapi_putpubliccannedmessagecategory.py::TestPutPublicCannedMessageCategory" methodname="" classname="" runstate="Runnable" type="Assembly" testcasecount="0" result="Passed" label="" start-time="1-01-01 00:00:00.000000" end-time="1-01-01 00:00:00.000000" duration="0.0" asserts="0" total="0" passed="0" failed="0" warnings="0" inconclusive="0" skipped="0"><properties><property name="python_version" value="3.11.4 (main, Jun  7 2023, 18:32:58) [GCC 10.2.1 20210110]" /></properties><environment framework-version="3.6.2" clr-version="3.11.4 (main, Jun  7 2023, 18:32:58) [GCC 10.2.1 20210110]" os-version="5.15.133.1-microsoft-standard-WSL2" platform="Linux" cwd="/workspaces/GlobalAutomationTest" machine-name="x86_64" user="" user-domain="" culture="en_US" uiculture="en_US" os-architecture="64bit" /></test-suite><test-suite id="testCases/apiTestCases/global/platform/contactApiOlder/test_contactapi_getcontacts_older.py" name="testCases/apiTestCases/global/platform/contactApiOlder/test_contactapi_getcontacts_older.py" fullname="testCases/apiTestCases/global/platform/contactApiOlder/test_contactapi_getcontacts_older.py" methodname="" classname="" runstate="Runnable" type="Assembly" testcasecount="0" result="Passed" label="" start-time="1-01-01 00:00:00.000000" end-time="1-01-01 00:00:00.000000" duration="0.0" asserts="0" total="0" passed="0" failed="0" warnings="0" inconclusive="0" skipped="0"><properties><property name="python_version" value="3.11.4 (main, Jun  7 2023, 18:32:58) [GCC 10.2.1 20210110]" /></properties><environment framework-version="3.6.2" clr-version="3.11.4 (main, Jun  7 2023, 18:32:58) [GCC 10.2.1 20210110]" os-version="5.15.133.1-microsoft-standard-WSL2" platform="Linux" cwd="/workspaces/GlobalAutomationTest" machine-name="x86_64" user="" user-domain="" culture="en_US" uiculture="en_US" os-architecture="64bit" /></test-suite><test-suite id="testCases/apiTestCases/global/platform/contactApi/test_contactapi_getwebhooktrigger.py::Testwebhooktriggers" name="testCases/apiTestCases/global/platform/contactApi/test_contactapi_getwebhooktrigger.py::Testwebhooktriggers" fullname="testCases/apiTestCases/global/platform/contactApi/test_contactapi_getwebhooktrigger.py::Testwebhooktriggers" methodname="" classname="" runstate="Runnable" type="Assembly" testcasecount="24" result="Passed" label="" start-time="2024-02-20 03:19:49.269627" end-time="2024-02-20 03:19:50.048555" duration="0.778928" asserts="0" total="24" passed="0" failed="24" warnings="0" inconclusive="0" skipped="0"><properties><property name="python_version" value="3.11.4 (main, Jun  7 2023, 18:32:58) [GCC 10.2.1 20210110]" /></properties><test-case id="229" name="testCases/apiTestCases/global/platform/contactApi/test_contactapi_getwebhooktrigger.py::Testwebhooktriggers::test_get_webhooktriggers_list[Success Get webhookTriggers list]" fullname="testCases/apiTestCases/global/platform/contactApi/test_contactapi_getwebhooktrigger.py::Testwebhooktriggers::test_get_webhooktriggers_list[Success Get webhookTriggers list]" methodname="test_get_webhooktriggers_list[Success Get webhookTriggers list]" classname="Testwebhooktriggers" runstate="Runnable" seed="1" result="Failed" label="" start-time="2024-02-20 03:19:49.269627" end-time="2024-02-20 03:19:49.269993" duration="0" asserts="0"><properties><property name="python-version" value="3.11.4 (main, Jun  7 2023, 18:32:58) [GCC 10.2.1 20210110]" /><property name="fspath" value="testCases/apiTestCases/global/platform/contactApi/test_contactapi_getwebhooktrigger.py" /></properties><environment framework-version="3.6.2" clr-version="3.11.4 (main, Jun  7 2023, 18:32:58) [GCC 10.2.1 20210110]" os-version="5.15.133.1-microsoft-standard-WSL2" platform="Linux" cwd="/workspaces/GlobalAutomationTest" machine-name="x86_64" user="" user-domain="" culture="en_US" uiculture="en_US" os-architecture="64bit" /><failure><message><![CDATA[]]></message><stack-trace><![CDATA[]]></stack-trace></failure><reason><message><![CDATA[]]></message></reason><output><![CDATA[]]></output></test-case><test-case id="230" name="testCases/apiTestCases/global/platform/contactApi/test_contactapi_getwebhooktrigger.py::Testwebhooktriggers::test_get_webhooktriggers_list[Success Get webhookTriggers filter by eventType]" fullname="testCases/apiTestCases/global/platform/contactApi/test_contactapi_getwebhooktrigger.py::Testwebhooktriggers::test_get_webhooktriggers_list[Success Get webhookTriggers filter by eventType]" methodname="test_get_webhooktriggers_list[Success Get webhookTriggers filter by eventType]" classname="Testwebhooktriggers" runstate="Runnable" seed="1" result="Failed" label="" start-time="2024-02-20 03:19:49.304929" end-time="2024-02-20 03:19:49.305287" duration="0" asserts="0"><properties><property name="python-version" value="3.11.4 (main, Jun  7 2023, 18:32:58) [GCC 10.2.1 20210110]" /><property name="fspath" value="testCases/apiTestCases/global/platform/contactApi/test_contactapi_getwebhooktrigger.py" /></properties><environment framework-version="3.6.2" clr-version="3.11.4 (main, Jun  7 2023, 18:32:58) [GCC 10.2.1 20210110]" os-version="5.15.133.1-microsoft-standard-WSL2" platform="Linux" cwd="/workspaces/GlobalAutomationTest" machine-name="x86_64" user="" user-domain="" culture="en_US" uiculture="en_US" os-architecture="64bit" /><failure><message><![CDATA[]]></message><stack-trace><![CDATA[]]></stack-trace></failure><reason><message><![CDATA[]]></message></reason><output><![CDATA[]]></output></test-case><test-case id="231" name="testCases/apiTestCases/global/platform/contactApi/test_contactapi_getwebhooktrigger.py::Testwebhooktriggers::test_get_webhooktriggers_list[Success Get webhookTriggers filter by include]" fullname="testCases/apiTestCases/global/platform/contactApi/test_contactapi_getwebhooktrigger.py::Testwebhooktriggers::test_get_webhooktriggers_list[Success Get webhookTriggers filter by include]" methodname="test_get_webhooktriggers_list[Success Get webhookTriggers filter by include]" classname="Testwebhooktriggers" runstate="Runnable" seed="1" result="Failed" label="" start-time="2024-02-20 03:19:49.336453" end-time="2024-02-20 03:19:49.336792" duration="0" asserts="0"><properties><property name="python-version" value="3.11.4 (main, Jun  7 2023, 18:32:58) [GCC 10.2.1 20210110]" /><property name="fspath" value="testCases/apiTestCases/global/platform/contactApi/test_contactapi_getwebhooktrigger.py" /></properties><environment framework-version="3.6.2" clr-version="3.11.4 (main, Jun  7 2023, 18:32:58) [GCC 10.2.1 20210110]" os-version="5.15.133.1-microsoft-standard-WSL2" platform="Linux" cwd="/workspaces/GlobalAutomationTest" machine-name="x86_64" user="" user-domain="" culture="en_US" uiculture="en_US" os-architecture="64bit" /><failure><message><![CDATA[]]></message><stack-trace><![CDATA[]]></stack-trace></failure><reason><message><![CDATA[]]></message></reason><output><![CDATA[]]></output></test-case><test-case id="232" name="testCases/apiTestCases/global/platform/contactApi/test_contactapi_getwebhooktrigger.py::Testwebhooktriggers::test_get_webhooktriggers_list[Success Get webhookTriggers filter by page]" fullname="testCases/apiTestCases/global/platform/contactApi/test_contactapi_getwebhooktrigger.py::Testwebhooktriggers::test_get_webhooktriggers_list[Success Get webhookTriggers filter by page]" methodname="test_get_webhooktriggers_list[Success Get webhookTriggers filter by page]" classname="Testwebhooktriggers" runstate="Runnable" seed="1" result="Failed" label="" start-time="2024-02-20 03:19:49.366030" end-time="2024-02-20 03:19:49.366465" duration="0" asserts="0"><properties><property name="python-version" value="3.11.4 (main, Jun  7 2023, 18:32:58) [GCC 10.2.1 20210110]" /><property name="fspath" value="testCases/apiTestCases/global/platform/contactApi/test_contactapi_getwebhooktrigger.py" /></properties><environment framework-version="3.6.2" clr-version="3.11.4 (main, Jun  7 2023, 18:32:58) [GCC 10.2.1 20210110]" os-version="5.15.133.1-microsoft-standard-WSL2" platform="Linux" cwd="/workspaces/GlobalAutomationTest" machine-name="x86_64" user="" user-domain="" culture="en_US" uiculture="en_US" os-architecture="64bit" /><failure><message><![CDATA[]]></message><stack-trace><![CDATA[]]></stack-trace></failure><reason><message><![CDATA[]]></message></reason><output><![CDATA[]]></output></test-case><test-case id="233" name="testCases/apiTestCases/global/platform/contactApi/test_contactapi_getwebhooktrigger.py::Testwebhooktriggers::test_get_webhooktriggers_list[Success Get webhookTriggers filter by page 2]" fullname="testCases/apiTestCases/global/platform/contactApi/test_contactapi_getwebhooktrigger.py::Testwebhooktriggers::test_get_webhooktriggers_list[Success Get webhookTriggers filter by page 2]" methodname="test_get_webhooktriggers_list[Success Get webhookTriggers filter by page 2]" classname="Testwebhooktriggers" runstate="Runnable" seed="1" result="Failed" label="" start-time="2024-02-20 03:19:49.396836" end-time="2024-02-20 03:19:49.397185" duration="0" asserts="0"><properties><property name="python-version" value="3.11.4 (main, Jun  7 2023, 18:32:58) [GCC 10.2.1 20210110]" /><property name="fspath" value="testCases/apiTestCases/global/platform/contactApi/test_contactapi_getwebhooktrigger.py" /></properties><environment framework-version="3.6.2" clr-version="3.11.4 (main, Jun  7 2023, 18:32:58) [GCC 10.2.1 20210110]" os-version="5.15.133.1-microsoft-standard-WSL2" platform="Linux" cwd="/workspaces/GlobalAutomationTest" machine-name="x86_64" user="" user-domain="" culture="en_US" uiculture="en_US" os-architecture="64bit" /><failure><message><![CDATA[]]></message><stack-trace><![CDATA[]]></stack-trace></failure><reason><message><![CDATA[]]></message></reason><output><![CDATA[]]></output></test-case><test-case id="234" name="testCases/apiTestCases/global/platform/contactApi/test_contactapi_getwebhooktrigger.py::Testwebhooktriggers::test_get_webhooktriggers_list[Success Get webhookTriggers filter by sort]" fullname="testCases/apiTestCases/global/platform/contactApi/test_contactapi_getwebhooktrigger.py::Testwebhooktriggers::test_get_webhooktriggers_list[Success Get webhookTriggers filter by sort]" methodname="test_get_webhooktriggers_list[Success Get webhookTriggers filter by sort]" classname="Testwebhooktriggers" runstate="Runnable" seed="1" result="Failed" label="" start-time="2024-02-20 03:19:49.425674" end-time="2024-02-20 03:19:49.426120" duration="0" asserts="0"><properties><property name="python-version" value="3.11.4 (main, Jun  7 2023, 18:32:58) [GCC 10.2.1 20210110]" /><property name="fspath" value="testCases/apiTestCases/global/platform/contactApi/test_contactapi_getwebhooktrigger.py" /></properties><environment framework-version="3.6.2" clr-version="3.11.4 (main, Jun  7 2023, 18:32:58) [GCC 10.2.1 20210110]" os-version="5.15.133.1-microsoft-standard-WSL2" platform="Linux" cwd="/workspaces/GlobalAutomationTest" machine-name="x86_64" user="" user-domain="" culture="en_US" uiculture="en_US" os-architecture="64bit" /><failure><message><![CDATA[]]></message><stack-trace><![CDATA[]]></stack-trace></failure><reason><message><![CDATA[]]></message></reason><output><![CDATA[]]></output></test-case><test-case id="235" name="testCases/apiTestCases/global/platform/contactApi/test_contactapi_getwebhooktrigger.py::Testwebhooktriggers::test_get_webhooktriggers_list[Success Get webhookTriggers filter by webhookId]" fullname="testCases/apiTestCases/global/platform/contactApi/test_contactapi_getwebhooktrigger.py::Testwebhooktriggers::test_get_webhooktriggers_list[Success Get webhookTriggers filter by webhookId]" methodname="test_get_webhooktriggers_list[Success Get webhookTriggers filter by webhookId]" classname="Testwebhooktriggers" runstate="Runnable" seed="1" result="Failed" label="" start-time="2024-02-20 03:19:49.459407" end-time="2024-02-20 03:19:49.459777" duration="0" asserts="0"><properties><property name="python-version" value="3.11.4 (main, Jun  7 2023, 18:32:58) [GCC 10.2.1 20210110]" /><property name="fspath" value="testCases/apiTestCases/global/platform/contactApi/test_contactapi_getwebhooktrigger.py" /></properties><environment framework-version="3.6.2" clr-version="3.11.4 (main, Jun  7 2023, 18:32:58) [GCC 10.2.1 20210110]" os-version="5.15.133.1-microsoft-standard-WSL2" platform="Linux" cwd="/workspaces/GlobalAutomationTest" machine-name="x86_64" user="" user-domain="" culture="en_US" uiculture="en_US" os-architecture="64bit" /><failure><message><![CDATA[]]></message><stack-trace><![CDATA[]]></stack-trace></failure><reason><message><![CDATA[]]></message></reason><output><![CDATA[]]></output></test-case><test-case id="236" name="testCases/apiTestCases/global/platform/contactApi/test_contactapi_getwebhooktrigger.py::Testwebhooktriggers::test_get_webhooktriggers_list[Success Get webhookTriggers filter]" fullname="testCases/apiTestCases/global/platform/contactApi/test_contactapi_getwebhooktrigger.py::Testwebhooktriggers::test_get_webhooktriggers_list[Success Get webhookTriggers filter]" methodname="test_get_webhooktriggers_list[Success Get webhookTriggers filter]" classname="Testwebhooktriggers" runstate="Runnable" seed="1" result="Failed" label="" start-time="2024-02-20 03:19:49.496154" end-time="2024-02-20 03:19:49.496685" duration="0" asserts="0"><properties><property name="python-version" value="3.11.4 (main, Jun  7 2023, 18:32:58) [GCC 10.2.1 20210110]" /><property name="fspath" value="testCases/apiTestCases/global/platform/contactApi/test_contactapi_getwebhooktrigger.py" /></properties><environment framework-version="3.6.2" clr-version="3.11.4 (main, Jun  7 2023, 18:32:58) [GCC 10.2.1 20210110]" os-version="5.15.133.1-microsoft-standard-WSL2" platform="Linux" cwd="/workspaces/GlobalAutomationTest" machine-name="x86_64" user="" user-domain="" culture="en_US" uiculture="en_US" os-architecture="64bit" /><failure><message><![CDATA[]]></message><stack-trace><![CDATA[]]></stack-trace></failure><reason><message><![CDATA[]]></message></reason><output><![CDATA[]]></output></test-case><test-case id="237" name="testCases/apiTestCases/global/platform/contactApi/test_contactapi_getwebhooktrigger.py::Testwebhooktriggers::test_get_webhooktriggers_apikey[Success Get webhookTriggers list[api_key]]" fullname="testCases/apiTestCases/global/platform/contactApi/test_contactapi_getwebhooktrigger.py::Testwebhooktriggers::test_get_webhooktriggers_apikey[Success Get webhookTriggers list[api_key]]" methodname="test_get_webhooktriggers_apikey[Success Get webhookTriggers list[api_key]]" classname="Testwebhooktriggers" runstate="Runnable" seed="1" result="Failed" label="" start-time="2024-02-20 03:19:49.538129" end-time="2024-02-20 03:19:49.538635" duration="0" asserts="0"><properties><property name="python-version" value="3.11.4 (main, Jun  7 2023, 18:32:58) [GCC 10.2.1 20210110]" /><property name="fspath" value="testCases/apiTestCases/global/platform/contactApi/test_contactapi_getwebhooktrigger.py" /></properties><environment framework-version="3.6.2" clr-version="3.11.4 (main, Jun  7 2023, 18:32:58) [GCC 10.2.1 20210110]" os-version="5.15.133.1-microsoft-standard-WSL2" platform="Linux" cwd="/workspaces/GlobalAutomationTest" machine-name="x86_64" user="" user-domain="" culture="en_US" uiculture="en_US" os-architecture="64bit" /><failure><message><![CDATA[]]></message><stack-trace><![CDATA[]]></stack-trace></failure><reason><message><![CDATA[]]></message></reason><output><![CDATA[]]></output></test-case><test-case id="238" name="testCases/apiTestCases/global/platform/contactApi/test_contactapi_getwebhooktrigger.py::Testwebhooktriggers::test_get_webhooktriggers_apikey[Success Get webhookTriggers filter by eventType[api_key]]" fullname="testCases/apiTestCases/global/platform/contactApi/test_contactapi_getwebhooktrigger.py::Testwebhooktriggers::test_get_webhooktriggers_apikey[Success Get webhookTriggers filter by eventType[api_key]]" methodname="test_get_webhooktriggers_apikey[Success Get webhookTriggers filter by eventType[api_key]]" classname="Testwebhooktriggers" runstate="Runnable" seed="1" result="Failed" label="" start-time="2024-02-20 03:19:49.580239" end-time="2024-02-20 03:19:49.580590" duration="0" asserts="0"><properties><property name="python-version" value="3.11.4 (main, Jun  7 2023, 18:32:58) [GCC 10.2.1 20210110]" /><property name="fspath" value="testCases/apiTestCases/global/platform/contactApi/test_contactapi_getwebhooktrigger.py" /></properties><environment framework-version="3.6.2" clr-version="3.11.4 (main, Jun  7 2023, 18:32:58) [GCC 10.2.1 20210110]" os-version="5.15.133.1-microsoft-standard-WSL2" platform="Linux" cwd="/workspaces/GlobalAutomationTest" machine-name="x86_64" user="" user-domain="" culture="en_US" uiculture="en_US" os-architecture="64bit" /><failure><message><![CDATA[]]></message><stack-trace><![CDATA[]]></stack-trace></failure><reason><message><![CDATA[]]></message></reason><output><![CDATA[]]></output></test-case><test-case id="239" name="testCases/apiTestCases/global/platform/contactApi/test_contactapi_getwebhooktrigger.py::Testwebhooktriggers::test_get_webhooktriggers_apikey[Success Get webhookTriggers filter by include[api_key]]" fullname="testCases/apiTestCases/global/platform/contactApi/test_contactapi_getwebhooktrigger.py::Testwebhooktriggers::test_get_webhooktriggers_apikey[Success Get webhookTriggers filter by include[api_key]]" methodname="test_get_webhooktriggers_apikey[Success Get webhookTriggers filter by include[api_key]]" classname="Testwebhooktriggers" runstate="Runnable" seed="1" result="Failed" label="" start-time="2024-02-20 03:19:49.611752" end-time="2024-02-20 03:19:49.612134" duration="0" asserts="0"><properties><property name="python-version" value="3.11.4 (main, Jun  7 2023, 18:32:58) [GCC 10.2.1 20210110]" /><property name="fspath" value="testCases/apiTestCases/global/platform/contactApi/test_contactapi_getwebhooktrigger.py" /></properties><environment framework-version="3.6.2" clr-version="3.11.4 (main, Jun  7 2023, 18:32:58) [GCC 10.2.1 20210110]" os-version="5.15.133.1-microsoft-standard-WSL2" platform="Linux" cwd="/workspaces/GlobalAutomationTest" machine-name="x86_64" user="" user-domain="" culture="en_US" uiculture="en_US" os-architecture="64bit" /><failure><message><![CDATA[]]></message><stack-trace><![CDATA[]]></stack-trace></failure><reason><message><![CDATA[]]></message></reason><output><![CDATA[]]></output></test-case><test-case id="240" name="testCases/apiTestCases/global/platform/contactApi/test_contactapi_getwebhooktrigger.py::Testwebhooktriggers::test_get_webhooktriggers_apikey[Success Get webhookTriggers filter by page[api_key]]" fullname="testCases/apiTestCases/global/platform/contactApi/test_contactapi_getwebhooktrigger.py::Testwebhooktriggers::test_get_webhooktriggers_apikey[Success Get webhookTriggers filter by page[api_key]]" methodname="test_get_webhooktriggers_apikey[Success Get webhookTriggers filter by page[api_key]]" classname="Testwebhooktriggers" runstate="Runnable" seed="1" result="Failed" label="" start-time="2024-02-20 03:19:49.648394" end-time="2024-02-20 03:19:49.648765" duration="0" asserts="0"><properties><property name="python-version" value="3.11.4 (main, Jun  7 2023, 18:32:58) [GCC 10.2.1 20210110]" /><property name="fspath" value="testCases/apiTestCases/global/platform/contactApi/test_contactapi_getwebhooktrigger.py" /></properties><environment framework-version="3.6.2" clr-version="3.11.4 (main, Jun  7 2023, 18:32:58) [GCC 10.2.1 20210110]" os-version="5.15.133.1-microsoft-standard-WSL2" platform="Linux" cwd="/workspaces/GlobalAutomationTest" machine-name="x86_64" user="" user-domain="" culture="en_US" uiculture="en_US" os-architecture="64bit" /><failure><message><![CDATA[]]></message><stack-trace><![CDATA[]]></stack-trace></failure><reason><message><![CDATA[]]></message></reason><output><![CDATA[]]></output></test-case><test-case id="241" name="testCases/apiTestCases/global/platform/contactApi/test_contactapi_getwebhooktrigger.py::Testwebhooktriggers::test_get_webhooktriggers_apikey[Success Get webhookTriggers filter by page 2[api_key]]" fullname="testCases/apiTestCases/global/platform/contactApi/test_contactapi_getwebhooktrigger.py::Testwebhooktriggers::test_get_webhooktriggers_apikey[Success Get webhookTriggers filter by page 2[api_key]]" methodname="test_get_webhooktriggers_apikey[Success Get webhookTriggers filter by page 2[api_key]]" classname="Testwebhooktriggers" runstate="Runnable" seed="1" result="Failed" label="" start-time="2024-02-20 03:19:49.686407" end-time="2024-02-20 03:19:49.686776" duration="0" asserts="0"><properties><property name="python-version" value="3.11.4 (main, Jun  7 2023, 18:32:58) [GCC 10.2.1 20210110]" /><property name="fspath" value="testCases/apiTestCases/global/platform/contactApi/test_contactapi_getwebhooktrigger.py" /></properties><environment framework-version="3.6.2" clr-version="3.11.4 (main, Jun  7 2023, 18:32:58) [GCC 10.2.1 20210110]" os-version="5.15.133.1-microsoft-standard-WSL2" platform="Linux" cwd="/workspaces/GlobalAutomationTest" machine-name="x86_64" user="" user-domain="" culture="en_US" uiculture="en_US" os-architecture="64bit" /><failure><message><![CDATA[]]></message><stack-trace><![CDATA[]]></stack-trace></failure><reason><message><![CDATA[]]></message></reason><output><![CDATA[]]></output></test-case><test-case id="242" name="testCases/apiTestCases/global/platform/contactApi/test_contactapi_getwebhooktrigger.py::Testwebhooktriggers::test_get_webhooktriggers_apikey[Success Get webhookTriggers filter by sort[api_key]]" fullname="testCases/apiTestCases/global/platform/contactApi/test_contactapi_getwebhooktrigger.py::Testwebhooktriggers::test_get_webhooktriggers_apikey[Success Get webhookTriggers filter by sort[api_key]]" methodname="test_get_webhooktriggers_apikey[Success Get webhookTriggers filter by sort[api_key]]" classname="Testwebhooktriggers" runstate="Runnable" seed="1" result="Failed" label="" start-time="2024-02-20 03:19:49.722478" end-time="2024-02-20 03:19:49.722841" duration="0" asserts="0"><properties><property name="python-version" value="3.11.4 (main, Jun  7 2023, 18:32:58) [GCC 10.2.1 20210110]" /><property name="fspath" value="testCases/apiTestCases/global/platform/contactApi/test_contactapi_getwebhooktrigger.py" /></properties><environment framework-version="3.6.2" clr-version="3.11.4 (main, Jun  7 2023, 18:32:58) [GCC 10.2.1 20210110]" os-version="5.15.133.1-microsoft-standard-WSL2" platform="Linux" cwd="/workspaces/GlobalAutomationTest" machine-name="x86_64" user="" user-domain="" culture="en_US" uiculture="en_US" os-architecture="64bit" /><failure><message><![CDATA[]]></message><stack-trace><![CDATA[]]></stack-trace></failure><reason><message><![CDATA[]]></message></reason><output><![CDATA[]]></output></test-case><test-case id="243" name="testCases/apiTestCases/global/platform/contactApi/test_contactapi_getwebhooktrigger.py::Testwebhooktriggers::test_get_webhooktriggers_apikey[Success Get webhookTriggers filter by webhookId[api_key]]" fullname="testCases/apiTestCases/global/platform/contactApi/test_contactapi_getwebhooktrigger.py::Testwebhooktriggers::test_get_webhooktriggers_apikey[Success Get webhookTriggers filter by webhookId[api_key]]" methodname="test_get_webhooktriggers_apikey[Success Get webhookTriggers filter by webhookId[api_key]]" classname="Testwebhooktriggers" runstate="Runnable" seed="1" result="Failed" label="" start-time="2024-02-20 03:19:49.760952" end-time="2024-02-20 03:19:49.761360" duration="0" asserts="0"><properties><property name="python-version" value="3.11.4 (main, Jun  7 2023, 18:32:58) [GCC 10.2.1 20210110]" /><property name="fspath" value="testCases/apiTestCases/global/platform/contactApi/test_contactapi_getwebhooktrigger.py" /></properties><environment framework-version="3.6.2" clr-version="3.11.4 (main, Jun  7 2023, 18:32:58) [GCC 10.2.1 20210110]" os-version="5.15.133.1-microsoft-standard-WSL2" platform="Linux" cwd="/workspaces/GlobalAutomationTest" machine-name="x86_64" user="" user-domain="" culture="en_US" uiculture="en_US" os-architecture="64bit" /><failure><message><![CDATA[]]></message><stack-trace><![CDATA[]]></stack-trace></failure><reason><message><![CDATA[]]></message></reason><output><![CDATA[]]></output></test-case><test-case id="244" name="testCases/apiTestCases/global/platform/contactApi/test_contactapi_getwebhooktrigger.py::Testwebhooktriggers::test_get_webhooktriggers_apikey[Success Get webhookTriggers filter[api_key]]" fullname="testCases/apiTestCases/global/platform/contactApi/test_contactapi_getwebhooktrigger.py::Testwebhooktriggers::test_get_webhooktriggers_apikey[Success Get webhookTriggers filter[api_key]]" methodname="test_get_webhooktriggers_apikey[Success Get webhookTriggers filter[api_key]]" classname="Testwebhooktriggers" runstate="Runnable" seed="1" result="Failed" label="" start-time="2024-02-20 03:19:49.794512" end-time="2024-02-20 03:19:49.794857" duration="0" asserts="0"><properties><property name="python-version" value="3.11.4 (main, Jun  7 2023, 18:32:58) [GCC 10.2.1 20210110]" /><property name="fspath" value="testCases/apiTestCases/global/platform/contactApi/test_contactapi_getwebhooktrigger.py" /></properties><environment framework-version="3.6.2" clr-version="3.11.4 (main, Jun  7 2023, 18:32:58) [GCC 10.2.1 20210110]" os-version="5.15.133.1-microsoft-standard-WSL2" platform="Linux" cwd="/workspaces/GlobalAutomationTest" machine-name="x86_64" user="" user-domain="" culture="en_US" uiculture="en_US" os-architecture="64bit" /><failure><message><![CDATA[]]></message><stack-trace><![CDATA[]]></stack-trace></failure><reason><message><![CDATA[]]></message></reason><output><![CDATA[]]></output></test-case><test-case id="245" name="testCases/apiTestCases/global/platform/contactApi/test_contactapi_getwebhooktrigger.py::Testwebhooktriggers::test_get_webhooktriggers_oauth_token[Success Get webhookTriggers list[oauth_token]]" fullname="testCases/apiTestCases/global/platform/contactApi/test_contactapi_getwebhooktrigger.py::Testwebhooktriggers::test_get_webhooktriggers_oauth_token[Success Get webhookTriggers list[oauth_token]]" methodname="test_get_webhooktriggers_oauth_token[Success Get webhookTriggers list[oauth_token]]" classname="Testwebhooktriggers" runstate="Runnable" seed="1" result="Failed" label="" start-time="2024-02-20 03:19:49.826239" end-time="2024-02-20 03:19:49.826572" duration="0" asserts="0"><properties><property name="python-version" value="3.11.4 (main, Jun  7 2023, 18:32:58) [GCC 10.2.1 20210110]" /><property name="fspath" value="testCases/apiTestCases/global/platform/contactApi/test_contactapi_getwebhooktrigger.py" /></properties><environment framework-version="3.6.2" clr-version="3.11.4 (main, Jun  7 2023, 18:32:58) [GCC 10.2.1 20210110]" os-version="5.15.133.1-microsoft-standard-WSL2" platform="Linux" cwd="/workspaces/GlobalAutomationTest" machine-name="x86_64" user="" user-domain="" culture="en_US" uiculture="en_US" os-architecture="64bit" /><failure><message><![CDATA[]]></message><stack-trace><![CDATA[]]></stack-trace></failure><reason><message><![CDATA[]]></message></reason><output><![CDATA[]]></output></test-case><test-case id="246" name="testCases/apiTestCases/global/platform/contactApi/test_contactapi_getwebhooktrigger.py::Testwebhooktriggers::test_get_webhooktriggers_oauth_token[Success Get webhookTriggers filter by eventType[oauth_token]]" fullname="testCases/apiTestCases/global/platform/contactApi/test_contactapi_getwebhooktrigger.py::Testwebhooktriggers::test_get_webhooktriggers_oauth_token[Success Get webhookTriggers filter by eventType[oauth_token]]" methodname="test_get_webhooktriggers_oauth_token[Success Get webhookTriggers filter by eventType[oauth_token]]" classname="Testwebhooktriggers" runstate="Runnable" seed="1" result="Failed" label="" start-time="2024-02-20 03:19:49.858106" end-time="2024-02-20 03:19:49.858441" duration="0" asserts="0"><properties><property name="python-version" value="3.11.4 (main, Jun  7 2023, 18:32:58) [GCC 10.2.1 20210110]" /><property name="fspath" value="testCases/apiTestCases/global/platform/contactApi/test_contactapi_getwebhooktrigger.py" /></properties><environment framework-version="3.6.2" clr-version="3.11.4 (main, Jun  7 2023, 18:32:58) [GCC 10.2.1 20210110]" os-version="5.15.133.1-microsoft-standard-WSL2" platform="Linux" cwd="/workspaces/GlobalAutomationTest" machine-name="x86_64" user="" user-domain="" culture="en_US" uiculture="en_US" os-architecture="64bit" /><failure><message><![CDATA[]]></message><stack-trace><![CDATA[]]></stack-trace></failure><reason><message><![CDATA[]]></message></reason><output><![CDATA[]]></output></test-case><test-case id="247" name="testCases/apiTestCases/global/platform/contactApi/test_contactapi_getwebhooktrigger.py::Testwebhooktriggers::test_get_webhooktriggers_oauth_token[Success Get webhookTriggers filter by include[oauth_token]]" fullname="testCases/apiTestCases/global/platform/contactApi/test_contactapi_getwebhooktrigger.py::Testwebhooktriggers::test_get_webhooktriggers_oauth_token[Success Get webhookTriggers filter by include[oauth_token]]" methodname="test_get_webhooktriggers_oauth_token[Success Get webhookTriggers filter by include[oauth_token]]" classname="Testwebhooktriggers" runstate="Runnable" seed="1" result="Failed" label="" start-time="2024-02-20 03:19:49.889978" end-time="2024-02-20 03:19:49.890317" duration="0" asserts="0"><properties><property name="python-version" value="3.11.4 (main, Jun  7 2023, 18:32:58) [GCC 10.2.1 20210110]" /><property name="fspath" value="testCases/apiTestCases/global/platform/contactApi/test_contactapi_getwebhooktrigger.py" /></properties><environment framework-version="3.6.2" clr-version="3.11.4 (main, Jun  7 2023, 18:32:58) [GCC 10.2.1 20210110]" os-version="5.15.133.1-microsoft-standard-WSL2" platform="Linux" cwd="/workspaces/GlobalAutomationTest" machine-name="x86_64" user="" user-domain="" culture="en_US" uiculture="en_US" os-architecture="64bit" /><failure><message><![CDATA[]]></message><stack-trace><![CDATA[]]></stack-trace></failure><reason><message><![CDATA[]]></message></reason><output><![CDATA[]]></output></test-case><test-case id="248" name="testCases/apiTestCases/global/platform/contactApi/test_contactapi_getwebhooktrigger.py::Testwebhooktriggers::test_get_webhooktriggers_oauth_token[Success Get webhookTriggers filter by page[oauth_token]]" fullname="testCases/apiTestCases/global/platform/contactApi/test_contactapi_getwebhooktrigger.py::Testwebhooktriggers::test_get_webhooktriggers_oauth_token[Success Get webhookTriggers filter by page[oauth_token]]" methodname="test_get_webhooktriggers_oauth_token[Success Get webhookTriggers filter by page[oauth_token]]" classname="Testwebhooktriggers" runstate="Runnable" seed="1" result="Failed" label="" start-time="2024-02-20 03:19:49.922392" end-time="2024-02-20 03:19:49.922726" duration="0" asserts="0"><properties><property name="python-version" value="3.11.4 (main, Jun  7 2023, 18:32:58) [GCC 10.2.1 20210110]" /><property name="fspath" value="testCases/apiTestCases/global/platform/contactApi/test_contactapi_getwebhooktrigger.py" /></properties><environment framework-version="3.6.2" clr-version="3.11.4 (main, Jun  7 2023, 18:32:58) [GCC 10.2.1 20210110]" os-version="5.15.133.1-microsoft-standard-WSL2" platform="Linux" cwd="/workspaces/GlobalAutomationTest" machine-name="x86_64" user="" user-domain="" culture="en_US" uiculture="en_US" os-architecture="64bit" /><failure><message><![CDATA[]]></message><stack-trace><![CDATA[]]></stack-trace></failure><reason><message><![CDATA[]]></message></reason><output><![CDATA[]]></output></test-case><test-case id="249" name="testCases/apiTestCases/global/platform/contactApi/test_contactapi_getwebhooktrigger.py::Testwebhooktriggers::test_get_webhooktriggers_oauth_token[Success Get webhookTriggers filter by page 2[oauth_token]]" fullname="testCases/apiTestCases/global/platform/contactApi/test_contactapi_getwebhooktrigger.py::Testwebhooktriggers::test_get_webhooktriggers_oauth_token[Success Get webhookTriggers filter by page 2[oauth_token]]" methodname="test_get_webhooktriggers_oauth_token[Success Get webhookTriggers filter by page 2[oauth_token]]" classname="Testwebhooktriggers" runstate="Runnable" seed="1" result="Failed" label="" start-time="2024-02-20 03:19:49.953717" end-time="2024-02-20 03:19:49.954056" duration="0" asserts="0"><properties><property name="python-version" value="3.11.4 (main, Jun  7 2023, 18:32:58) [GCC 10.2.1 20210110]" /><property name="fspath" value="testCases/apiTestCases/global/platform/contactApi/test_contactapi_getwebhooktrigger.py" /></properties><environment framework-version="3.6.2" clr-version="3.11.4 (main, Jun  7 2023, 18:32:58) [GCC 10.2.1 20210110]" os-version="5.15.133.1-microsoft-standard-WSL2" platform="Linux" cwd="/workspaces/GlobalAutomationTest" machine-name="x86_64" user="" user-domain="" culture="en_US" uiculture="en_US" os-architecture="64bit" /><failure><message><![CDATA[]]></message><stack-trace><![CDATA[]]></stack-trace></failure><reason><message><![CDATA[]]></message></reason><output><![CDATA[]]></output></test-case><test-case id="250" name="testCases/apiTestCases/global/platform/contactApi/test_contactapi_getwebhooktrigger.py::Testwebhooktriggers::test_get_webhooktriggers_oauth_token[Success Get webhookTriggers filter by sort[oauth_token]]" fullname="testCases/apiTestCases/global/platform/contactApi/test_contactapi_getwebhooktrigger.py::Testwebhooktriggers::test_get_webhooktriggers_oauth_token[Success Get webhookTriggers filter by sort[oauth_token]]" methodname="test_get_webhooktriggers_oauth_token[Success Get webhookTriggers filter by sort[oauth_token]]" classname="Testwebhooktriggers" runstate="Runnable" seed="1" result="Failed" label="" start-time="2024-02-20 03:19:49.985137" end-time="2024-02-20 03:19:49.985479" duration="0" asserts="0"><properties><property name="python-version" value="3.11.4 (main, Jun  7 2023, 18:32:58) [GCC 10.2.1 20210110]" /><property name="fspath" value="testCases/apiTestCases/global/platform/contactApi/test_contactapi_getwebhooktrigger.py" /></properties><environment framework-version="3.6.2" clr-version="3.11.4 (main, Jun  7 2023, 18:32:58) [GCC 10.2.1 20210110]" os-version="5.15.133.1-microsoft-standard-WSL2" platform="Linux" cwd="/workspaces/GlobalAutomationTest" machine-name="x86_64" user="" user-domain="" culture="en_US" uiculture="en_US" os-architecture="64bit" /><failure><message><![CDATA[]]></message><stack-trace><![CDATA[]]></stack-trace></failure><reason><message><![CDATA[]]></message></reason><output><![CDATA[]]></output></test-case><test-case id="251" name="testCases/apiTestCases/global/platform/contactApi/test_contactapi_getwebhooktrigger.py::Testwebhooktriggers::test_get_webhooktriggers_oauth_token[Success Get webhookTriggers filter by webhookId[oauth_token]]" fullname="testCases/apiTestCases/global/platform/contactApi/test_contactapi_getwebhooktrigger.py::Testwebhooktriggers::test_get_webhooktriggers_oauth_token[Success Get webhookTriggers filter by webhookId[oauth_token]]" methodname="test_get_webhooktriggers_oauth_token[Success Get webhookTriggers filter by webhookId[oauth_token]]" classname="Testwebhooktriggers" runstate="Runnable" seed="1" result="Failed" label="" start-time="2024-02-20 03:19:50.017661" end-time="2024-02-20 03:19:50.017998" duration="0" asserts="0"><properties><property name="python-version" value="3.11.4 (main, Jun  7 2023, 18:32:58) [GCC 10.2.1 20210110]" /><property name="fspath" value="testCases/apiTestCases/global/platform/contactApi/test_contactapi_getwebhooktrigger.py" /></properties><environment framework-version="3.6.2" clr-version="3.11.4 (main, Jun  7 2023, 18:32:58) [GCC 10.2.1 20210110]" os-version="5.15.133.1-microsoft-standard-WSL2" platform="Linux" cwd="/workspaces/GlobalAutomationTest" machine-name="x86_64" user="" user-domain="" culture="en_US" uiculture="en_US" os-architecture="64bit" /><failure><message><![CDATA[]]></message><stack-trace><![CDATA[]]></stack-trace></failure><reason><message><![CDATA[]]></message></reason><output><![CDATA[]]></output></test-case><test-case id="252" name="testCases/apiTestCases/global/platform/contactApi/test_contactapi_getwebhooktrigger.py::Testwebhooktriggers::test_get_webhooktriggers_oauth_token[Success Get webhookTriggers filter[oauth_token]]" fullname="testCases/apiTestCases/global/platform/contactApi/test_contactapi_getwebhooktrigger.py::Testwebhooktriggers::test_get_webhooktriggers_oauth_token[Success Get webhookTriggers filter[oauth_token]]" methodname="test_get_webhooktriggers_oauth_token[Success Get webhookTriggers filter[oauth_token]]" classname="Testwebhooktriggers" runstate="Runnable" seed="1" result="Failed" label="" start-time="2024-02-20 03:19:50.048206" end-time="2024-02-20 03:19:50.048555" duration="0" asserts="0"><properties><property name="python-version" value="3.11.4 (main, Jun  7 2023, 18:32:58) [GCC 10.2.1 20210110]" /><property name="fspath" value="testCases/apiTestCases/global/platform/contactApi/test_contactapi_getwebhooktrigger.py" /></properties><environment framework-version="3.6.2" clr-version="3.11.4 (main, Jun  7 2023, 18:32:58) [GCC 10.2.1 20210110]" os-version="5.15.133.1-microsoft-standard-WSL2" platform="Linux" cwd="/workspaces/GlobalAutomationTest" machine-name="x86_64" user="" user-domain="" culture="en_US" uiculture="en_US" os-architecture="64bit" /><failure><message><![CDATA[]]></message><stack-trace><![CDATA[]]></stack-trace></failure><reason><message><![CDATA[]]></message></reason><output><![CDATA[]]></output></test-case><environment framework-version="3.6.2" clr-version="3.11.4 (main, Jun  7 2023, 18:32:58) [GCC 10.2.1 20210110]" os-version="5.15.133.1-microsoft-standard-WSL2" platform="Linux" cwd="/workspaces/GlobalAutomationTest" machine-name="x86_64" user="" user-domain="" culture="en_US" uiculture="en_US" os-architecture="64bit" /></test-suite><test-suite id="testCases/apiTestCases/global/platform/globalApi/test_globalapi_deletepubliccannedmessage.py::TestDeletePublicCannedMessage" name="testCases/apiTestCases/global/platform/globalApi/test_globalapi_deletepubliccannedmessage.py::TestDeletePublicCannedMessage" fullname="testCases/apiTestCases/global/platform/globalApi/test_globalapi_deletepubliccannedmessage.py::TestDeletePublicCannedMessage" methodname="" classname="" runstate="Runnable" type="Assembly" testcasecount="0" result="Passed" label="" start-time="1-01-01 00:00:00.000000" end-time="1-01-01 00:00:00.000000" duration="0.0" asserts="0" total="0" passed="0" failed="0" warnings="0" inconclusive="0" skipped="0"><properties><property name="python_version" value="3.11.4 (main, Jun  7 2023, 18:32:58) [GCC 10.2.1 20210110]" /></properties><environment framework-version="3.6.2" clr-version="3.11.4 (main, Jun  7 2023, 18:32:58) [GCC 10.2.1 20210110]" os-version="5.15.133.1-microsoft-standard-WSL2" platform="Linux" cwd="/workspaces/GlobalAutomationTest" machine-name="x86_64" user="" user-domain="" culture="en_US" uiculture="en_US" os-architecture="64bit" /></test-suite><test-suite id="testCases/apiTestCases/global/platform/globalApi/test_globalapi_deleteskillbyid.py" name="testCases/apiTestCases/global/platform/globalApi/test_globalapi_deleteskillbyid.py" fullname="testCases/apiTestCases/global/platform/globalApi/test_globalapi_deleteskillbyid.py" methodname="" classname="" runstate="Runnable" type="Assembly" testcasecount="0" result="Passed" label="" start-time="1-01-01 00:00:00.000000" end-time="1-01-01 00:00:00.000000" duration="0.0" asserts="0" total="0" passed="0" failed="0" warnings="0" inconclusive="0" skipped="0"><properties><property name="python_version" value="3.11.4 (main, Jun  7 2023, 18:32:58) [GCC 10.2.1 20210110]" /></properties><environment framework-version="3.6.2" clr-version="3.11.4 (main, Jun  7 2023, 18:32:58) [GCC 10.2.1 20210110]" os-version="5.15.133.1-microsoft-standard-WSL2" platform="Linux" cwd="/workspaces/GlobalAutomationTest" machine-name="x86_64" user="" user-domain="" culture="en_US" uiculture="en_US" os-architecture="64bit" /></test-suite><test-suite id="testCases/apiTestCases/global/platform/globalApi/test_globalapi_getskills.py::TestGetSkills" name="testCases/apiTestCases/global/platform/globalApi/test_globalapi_getskills.py::TestGetSkills" fullname="testCases/apiTestCases/global/platform/globalApi/test_globalapi_getskills.py::TestGetSkills" methodname="" classname="" runstate="Runnable" type="Assembly" testcasecount="0" result="Passed" label="" start-time="1-01-01 00:00:00.000000" end-time="1-01-01 00:00:00.000000" duration="0.0" asserts="0" total="0" passed="0" failed="0" warnings="0" inconclusive="0" skipped="0"><properties><property name="python_version" value="3.11.4 (main, Jun  7 2023, 18:32:58) [GCC 10.2.1 20210110]" /></properties><environment framework-version="3.6.2" clr-version="3.11.4 (main, Jun  7 2023, 18:32:58) [GCC 10.2.1 20210110]" os-version="5.15.133.1-microsoft-standard-WSL2" platform="Linux" cwd="/workspaces/GlobalAutomationTest" machine-name="x86_64" user="" user-domain="" culture="en_US" uiculture="en_US" os-architecture="64bit" /></test-suite><test-suite id="testCases/apiTestCases/global/platform/loginApi/test_loginapi_agentconsolelogin.py" name="testCases/apiTestCases/global/platform/loginApi/test_loginapi_agentconsolelogin.py" fullname="testCases/apiTestCases/global/platform/loginApi/test_loginapi_agentconsolelogin.py" methodname="" classname="" runstate="Runnable" type="Assembly" testcasecount="0" result="Passed" label="======================&#10;@author:Mila&#10;@time:04/27/2022:3:18 PM&#10;@email:Mila.song@comm100.com&#10;======================" start-time="1-01-01 00:00:00.000000" end-time="1-01-01 00:00:00.000000" duration="0.0" asserts="0" total="0" passed="0" failed="0" warnings="0" inconclusive="0" skipped="0"><properties><property name="python_version" value="3.11.4 (main, Jun  7 2023, 18:32:58) [GCC 10.2.1 20210110]" /></properties><environment framework-version="3.6.2" clr-version="3.11.4 (main, Jun  7 2023, 18:32:58) [GCC 10.2.1 20210110]" os-version="5.15.133.1-microsoft-standard-WSL2" platform="Linux" cwd="/workspaces/GlobalAutomationTest" machine-name="x86_64" user="" user-domain="" culture="en_US" uiculture="en_US" os-architecture="64bit" /></test-suite><test-suite id="testCases/apiTestCases/global/platform/globalApi/test_globalapi_postdisableloginipallowlistconfig.py" name="testCases/apiTestCases/global/platform/globalApi/test_globalapi_postdisableloginipallowlistconfig.py" fullname="testCases/apiTestCases/global/platform/globalApi/test_globalapi_postdisableloginipallowlistconfig.py" methodname="" classname="" runstate="Runnable" type="Assembly" testcasecount="0" result="Passed" label="" start-time="1-01-01 00:00:00.000000" end-time="1-01-01 00:00:00.000000" duration="0.0" asserts="0" total="0" passed="0" failed="0" warnings="0" inconclusive="0" skipped="0"><properties><property name="python_version" value="3.11.4 (main, Jun  7 2023, 18:32:58) [GCC 10.2.1 20210110]" /></properties><environment framework-version="3.6.2" clr-version="3.11.4 (main, Jun  7 2023, 18:32:58) [GCC 10.2.1 20210110]" os-version="5.15.133.1-microsoft-standard-WSL2" platform="Linux" cwd="/workspaces/GlobalAutomationTest" machine-name="x86_64" user="" user-domain="" culture="en_US" uiculture="en_US" os-architecture="64bit" /></test-suite><test-suite id="testCases/apiTestCases/global/partner/partnerglobalapi/test_global_postpartneruser.py::TestPostPartnerUser" name="testCases/apiTestCases/global/partner/partnerglobalapi/test_global_postpartneruser.py::TestPostPartnerUser" fullname="testCases/apiTestCases/global/partner/partnerglobalapi/test_global_postpartneruser.py::TestPostPartnerUser" methodname="" classname="" runstate="Runnable" type="Assembly" testcasecount="0" result="Passed" label="" start-time="1-01-01 00:00:00.000000" end-time="1-01-01 00:00:00.000000" duration="0.0" asserts="0" total="0" passed="0" failed="0" warnings="0" inconclusive="0" skipped="0"><properties><property name="python_version" value="3.11.4 (main, Jun  7 2023, 18:32:58) [GCC 10.2.1 20210110]" /></properties><environment framework-version="3.6.2" clr-version="3.11.4 (main, Jun  7 2023, 18:32:58) [GCC 10.2.1 20210110]" os-version="5.15.133.1-microsoft-standard-WSL2" platform="Linux" cwd="/workspaces/GlobalAutomationTest" machine-name="x86_64" user="" user-domain="" culture="en_US" uiculture="en_US" os-architecture="64bit" /></test-suite><test-suite id="testCases/apiTestCases/global/partner/partnerglobalapi/test_global_changepartneruserpasswordbyid.py" name="testCases/apiTestCases/global/partner/partnerglobalapi/test_global_changepartneruserpasswordbyid.py" fullname="testCases/apiTestCases/global/partner/partnerglobalapi/test_global_changepartneruserpasswordbyid.py" methodname="" classname="" runstate="Runnable" type="Assembly" testcasecount="0" result="Passed" label="" start-time="1-01-01 00:00:00.000000" end-time="1-01-01 00:00:00.000000" duration="0.0" asserts="0" total="0" passed="0" failed="0" warnings="0" inconclusive="0" skipped="0"><properties><property name="python_version" value="3.11.4 (main, Jun  7 2023, 18:32:58) [GCC 10.2.1 20210110]" /></properties><environment framework-version="3.6.2" clr-version="3.11.4 (main, Jun  7 2023, 18:32:58) [GCC 10.2.1 20210110]" os-version="5.15.133.1-microsoft-standard-WSL2" platform="Linux" cwd="/workspaces/GlobalAutomationTest" machine-name="x86_64" user="" user-domain="" culture="en_US" uiculture="en_US" os-architecture="64bit" /></test-suite><test-suite id="testCases/apiTestCases/global/platform/contactApi/test_contactapi_getcontactbyid.py::TestGetContactsByIdNew" name="testCases/apiTestCases/global/platform/contactApi/test_contactapi_getcontactbyid.py::TestGetContactsByIdNew" fullname="testCases/apiTestCases/global/platform/contactApi/test_contactapi_getcontactbyid.py::TestGetContactsByIdNew" methodname="" classname="" runstate="Runnable" type="Assembly" testcasecount="6" result="Passed" label="" start-time="2024-02-20 03:19:46.569781" end-time="2024-02-20 03:19:46.730470" duration="0.160689" asserts="0" total="6" passed="0" failed="6" warnings="0" inconclusive="0" skipped="0"><properties><property name="python_version" value="3.11.4 (main, Jun  7 2023, 18:32:58) [GCC 10.2.1 20210110]" /></properties><test-case id="148" name="testCases/apiTestCases/global/platform/contactApi/test_contactapi_getcontactbyid.py::TestGetContactsByIdNew::test_get_contact_new_by_id[contacts_new-Success get an contact by id]" fullname="testCases/apiTestCases/global/platform/contactApi/test_contactapi_getcontactbyid.py::TestGetContactsByIdNew::test_get_contact_new_by_id[contacts_new-Success get an contact by id]" methodname="test_get_contact_new_by_id[contacts_new-Success get an contact by id]" classname="TestGetContactsByIdNew" runstate="Runnable" seed="1" result="Failed" label="" start-time="2024-02-20 03:19:46.569781" end-time="2024-02-20 03:19:46.570122" duration="0" asserts="0"><properties><property name="python-version" value="3.11.4 (main, Jun  7 2023, 18:32:58) [GCC 10.2.1 20210110]" /><property name="fspath" value="testCases/apiTestCases/global/platform/contactApi/test_contactapi_getcontactbyid.py" /></properties><environment framework-version="3.6.2" clr-version="3.11.4 (main, Jun  7 2023, 18:32:58) [GCC 10.2.1 20210110]" os-version="5.15.133.1-microsoft-standard-WSL2" platform="Linux" cwd="/workspaces/GlobalAutomationTest" machine-name="x86_64" user="" user-domain="" culture="en_US" uiculture="en_US" os-architecture="64bit" /><failure><message><![CDATA[]]></message><stack-trace><![CDATA[]]></stack-trace></failure><reason><message><![CDATA[]]></message></reason><output><![CDATA[]]></output></test-case><test-case id="149" name="testCases/apiTestCases/global/platform/contactApi/test_contactapi_getcontactbyid.py::TestGetContactsByIdNew::test_get_contact_new_by_id[contacts_new-get a contacts by not existed id]" fullname="testCases/apiTestCases/global/platform/contactApi/test_contactapi_getcontactbyid.py::TestGetContactsByIdNew::test_get_contact_new_by_id[contacts_new-get a contacts by not existed id]" methodname="test_get_contact_new_by_id[contacts_new-get a contacts by not existed id]" classname="TestGetContactsByIdNew" runstate="Runnable" seed="1" result="Failed" label="" start-time="2024-02-20 03:19:46.604448" end-time="2024-02-20 03:19:46.604790" duration="0" asserts="0"><properties><property name="python-version" value="3.11.4 (main, Jun  7 2023, 18:32:58) [GCC 10.2.1 20210110]" /><property name="fspath" value="testCases/apiTestCases/global/platform/contactApi/test_contactapi_getcontactbyid.py" /></properties><environment framework-version="3.6.2" clr-version="3.11.4 (main, Jun  7 2023, 18:32:58) [GCC 10.2.1 20210110]" os-version="5.15.133.1-microsoft-standard-WSL2" platform="Linux" cwd="/workspaces/GlobalAutomationTest" machine-name="x86_64" user="" user-domain="" culture="en_US" uiculture="en_US" os-architecture="64bit" /><failure><message><![CDATA[]]></message><stack-trace><![CDATA[]]></stack-trace></failure><reason><message><![CDATA[]]></message></reason><output><![CDATA[]]></output></test-case><test-case id="150" name="testCases/apiTestCases/global/platform/contactApi/test_contactapi_getcontactbyid.py::TestGetContactsByIdNew::test_get_contact_by_id_api_key[contacts_new-Success get an contact by id[api_key]]" fullname="testCases/apiTestCases/global/platform/contactApi/test_contactapi_getcontactbyid.py::TestGetContactsByIdNew::test_get_contact_by_id_api_key[contacts_new-Success get an contact by id[api_key]]" methodname="test_get_contact_by_id_api_key[contacts_new-Success get an contact by id[api_key]]" classname="TestGetContactsByIdNew" runstate="Runnable" seed="1" result="Failed" label="" start-time="2024-02-20 03:19:46.637726" end-time="2024-02-20 03:19:46.638066" duration="0" asserts="0"><properties><property name="python-version" value="3.11.4 (main, Jun  7 2023, 18:32:58) [GCC 10.2.1 20210110]" /><property name="fspath" value="testCases/apiTestCases/global/platform/contactApi/test_contactapi_getcontactbyid.py" /></properties><environment framework-version="3.6.2" clr-version="3.11.4 (main, Jun  7 2023, 18:32:58) [GCC 10.2.1 20210110]" os-version="5.15.133.1-microsoft-standard-WSL2" platform="Linux" cwd="/workspaces/GlobalAutomationTest" machine-name="x86_64" user="" user-domain="" culture="en_US" uiculture="en_US" os-architecture="64bit" /><failure><message><![CDATA[]]></message><stack-trace><![CDATA[]]></stack-trace></failure><reason><message><![CDATA[]]></message></reason><output><![CDATA[]]></output></test-case><test-case id="151" name="testCases/apiTestCases/global/platform/contactApi/test_contactapi_getcontactbyid.py::TestGetContactsByIdNew::test_get_contact_by_id_api_key[contacts_new-get a contacts by not existed id[api_key]]" fullname="testCases/apiTestCases/global/platform/contactApi/test_contactapi_getcontactbyid.py::TestGetContactsByIdNew::test_get_contact_by_id_api_key[contacts_new-get a contacts by not existed id[api_key]]" methodname="test_get_contact_by_id_api_key[contacts_new-get a contacts by not existed id[api_key]]" classname="TestGetContactsByIdNew" runstate="Runnable" seed="1" result="Failed" label="" start-time="2024-02-20 03:19:46.667999" end-time="2024-02-20 03:19:46.668343" duration="0" asserts="0"><properties><property name="python-version" value="3.11.4 (main, Jun  7 2023, 18:32:58) [GCC 10.2.1 20210110]" /><property name="fspath" value="testCases/apiTestCases/global/platform/contactApi/test_contactapi_getcontactbyid.py" /></properties><environment framework-version="3.6.2" clr-version="3.11.4 (main, Jun  7 2023, 18:32:58) [GCC 10.2.1 20210110]" os-version="5.15.133.1-microsoft-standard-WSL2" platform="Linux" cwd="/workspaces/GlobalAutomationTest" machine-name="x86_64" user="" user-domain="" culture="en_US" uiculture="en_US" os-architecture="64bit" /><failure><message><![CDATA[]]></message><stack-trace><![CDATA[]]></stack-trace></failure><reason><message><![CDATA[]]></message></reason><output><![CDATA[]]></output></test-case><test-case id="152" name="testCases/apiTestCases/global/platform/contactApi/test_contactapi_getcontactbyid.py::TestGetContactsByIdNew::test_get_contact_by_id_oauth_token[contacts_new-Success get an contact by id[oauth_token]]" fullname="testCases/apiTestCases/global/platform/contactApi/test_contactapi_getcontactbyid.py::TestGetContactsByIdNew::test_get_contact_by_id_oauth_token[contacts_new-Success get an contact by id[oauth_token]]" methodname="test_get_contact_by_id_oauth_token[contacts_new-Success get an contact by id[oauth_token]]" classname="TestGetContactsByIdNew" runstate="Runnable" seed="1" result="Failed" label="" start-time="2024-02-20 03:19:46.700070" end-time="2024-02-20 03:19:46.700420" duration="0" asserts="0"><properties><property name="python-version" value="3.11.4 (main, Jun  7 2023, 18:32:58) [GCC 10.2.1 20210110]" /><property name="fspath" value="testCases/apiTestCases/global/platform/contactApi/test_contactapi_getcontactbyid.py" /></properties><environment framework-version="3.6.2" clr-version="3.11.4 (main, Jun  7 2023, 18:32:58) [GCC 10.2.1 20210110]" os-version="5.15.133.1-microsoft-standard-WSL2" platform="Linux" cwd="/workspaces/GlobalAutomationTest" machine-name="x86_64" user="" user-domain="" culture="en_US" uiculture="en_US" os-architecture="64bit" /><failure><message><![CDATA[]]></message><stack-trace><![CDATA[]]></stack-trace></failure><reason><message><![CDATA[]]></message></reason><output><![CDATA[]]></output></test-case><test-case id="153" name="testCases/apiTestCases/global/platform/contactApi/test_contactapi_getcontactbyid.py::TestGetContactsByIdNew::test_get_contact_by_id_oauth_token[contacts_new-get a contacts by not existed id[oauth_token]]" fullname="testCases/apiTestCases/global/platform/contactApi/test_contactapi_getcontactbyid.py::TestGetContactsByIdNew::test_get_contact_by_id_oauth_token[contacts_new-get a contacts by not existed id[oauth_token]]" methodname="test_get_contact_by_id_oauth_token[contacts_new-get a contacts by not existed id[oauth_token]]" classname="TestGetContactsByIdNew" runstate="Runnable" seed="1" result="Failed" label="" start-time="2024-02-20 03:19:46.730115" end-time="2024-02-20 03:19:46.730470" duration="0" asserts="0"><properties><property name="python-version" value="3.11.4 (main, Jun  7 2023, 18:32:58) [GCC 10.2.1 20210110]" /><property name="fspath" value="testCases/apiTestCases/global/platform/contactApi/test_contactapi_getcontactbyid.py" /></properties><environment framework-version="3.6.2" clr-version="3.11.4 (main, Jun  7 2023, 18:32:58) [GCC 10.2.1 20210110]" os-version="5.15.133.1-microsoft-standard-WSL2" platform="Linux" cwd="/workspaces/GlobalAutomationTest" machine-name="x86_64" user="" user-domain="" culture="en_US" uiculture="en_US" os-architecture="64bit" /><failure><message><![CDATA[]]></message><stack-trace><![CDATA[]]></stack-trace></failure><reason><message><![CDATA[]]></message></reason><output><![CDATA[]]></output></test-case><environment framework-version="3.6.2" clr-version="3.11.4 (main, Jun  7 2023, 18:32:58) [GCC 10.2.1 20210110]" os-version="5.15.133.1-microsoft-standard-WSL2" platform="Linux" cwd="/workspaces/GlobalAutomationTest" machine-name="x86_64" user="" user-domain="" culture="en_US" uiculture="en_US" os-architecture="64bit" /></test-suite><test-suite id="testCases/apiTestCases/global/partner/partnerglobalapi/test_global_getroles.py" name="testCases/apiTestCases/global/partner/partnerglobalapi/test_global_getroles.py" fullname="testCases/apiTestCases/global/partner/partnerglobalapi/test_global_getroles.py" methodname="" classname="" runstate="Runnable" type="Assembly" testcasecount="0" result="Passed" label="" start-time="1-01-01 00:00:00.000000" end-time="1-01-01 00:00:00.000000" duration="0.0" asserts="0" total="0" passed="0" failed="0" warnings="0" inconclusive="0" skipped="0"><properties><property name="python_version" value="3.11.4 (main, Jun  7 2023, 18:32:58) [GCC 10.2.1 20210110]" /></properties><environment framework-version="3.6.2" clr-version="3.11.4 (main, Jun  7 2023, 18:32:58) [GCC 10.2.1 20210110]" os-version="5.15.133.1-microsoft-standard-WSL2" platform="Linux" cwd="/workspaces/GlobalAutomationTest" machine-name="x86_64" user="" user-domain="" culture="en_US" uiculture="en_US" os-architecture="64bit" /></test-suite><test-suite id="testCases/apiTestCases/global/platform/globalApi/test_globalapi_putrolepermissions.py" name="testCases/apiTestCases/global/platform/globalApi/test_globalapi_putrolepermissions.py" fullname="testCases/apiTestCases/global/platform/globalApi/test_globalapi_putrolepermissions.py" methodname="" classname="" runstate="Runnable" type="Assembly" testcasecount="0" result="Passed" label="" start-time="1-01-01 00:00:00.000000" end-time="1-01-01 00:00:00.000000" duration="0.0" asserts="0" total="0" passed="0" failed="0" warnings="0" inconclusive="0" skipped="0"><properties><property name="python_version" value="3.11.4 (main, Jun  7 2023, 18:32:58) [GCC 10.2.1 20210110]" /></properties><environment framework-version="3.6.2" clr-version="3.11.4 (main, Jun  7 2023, 18:32:58) [GCC 10.2.1 20210110]" os-version="5.15.133.1-microsoft-standard-WSL2" platform="Linux" cwd="/workspaces/GlobalAutomationTest" machine-name="x86_64" user="" user-domain="" culture="en_US" uiculture="en_US" os-architecture="64bit" /></test-suite><test-suite id="testCases/apiTestCases/global/platform/agent/test_global_deleteagentbyid.py" name="testCases/apiTestCases/global/platform/agent/test_global_deleteagentbyid.py" fullname="testCases/apiTestCases/global/platform/agent/test_global_deleteagentbyid.py" methodname="" classname="" runstate="Runnable" type="Assembly" testcasecount="0" result="Passed" label="" start-time="1-01-01 00:00:00.000000" end-time="1-01-01 00:00:00.000000" duration="0.0" asserts="0" total="0" passed="0" failed="0" warnings="0" inconclusive="0" skipped="0"><properties><property name="python_version" value="3.11.4 (main, Jun  7 2023, 18:32:58) [GCC 10.2.1 20210110]" /></properties><environment framework-version="3.6.2" clr-version="3.11.4 (main, Jun  7 2023, 18:32:58) [GCC 10.2.1 20210110]" os-version="5.15.133.1-microsoft-standard-WSL2" platform="Linux" cwd="/workspaces/GlobalAutomationTest" machine-name="x86_64" user="" user-domain="" culture="en_US" uiculture="en_US" os-architecture="64bit" /></test-suite><test-suite id="testCases/apiTestCases/global/platform/contactApiOlder/test_contactapi_deletecontactbyid_older.py::TestDeleteContactById" name="testCases/apiTestCases/global/platform/contactApiOlder/test_contactapi_deletecontactbyid_older.py::TestDeleteContactById" fullname="testCases/apiTestCases/global/platform/contactApiOlder/test_contactapi_deletecontactbyid_older.py::TestDeleteContactById" methodname="" classname="" runstate="Runnable" type="Assembly" testcasecount="0" result="Passed" label="" start-time="1-01-01 00:00:00.000000" end-time="1-01-01 00:00:00.000000" duration="0.0" asserts="0" total="0" passed="0" failed="0" warnings="0" inconclusive="0" skipped="0"><properties><property name="python_version" value="3.11.4 (main, Jun  7 2023, 18:32:58) [GCC 10.2.1 20210110]" /></properties><environment framework-version="3.6.2" clr-version="3.11.4 (main, Jun  7 2023, 18:32:58) [GCC 10.2.1 20210110]" os-version="5.15.133.1-microsoft-standard-WSL2" platform="Linux" cwd="/workspaces/GlobalAutomationTest" machine-name="x86_64" user="" user-domain="" culture="en_US" uiculture="en_US" os-architecture="64bit" /></test-suite><test-suite id="testCases/apiTestCases/global/partner/site/test_global_switchstiestatus.py" name="testCases/apiTestCases/global/partner/site/test_global_switchstiestatus.py" fullname="testCases/apiTestCases/global/partner/site/test_global_switchstiestatus.py" methodname="" classname="" runstate="Runnable" type="Assembly" testcasecount="0" result="Passed" label="" start-time="1-01-01 00:00:00.000000" end-time="1-01-01 00:00:00.000000" duration="0.0" asserts="0" total="0" passed="0" failed="0" warnings="0" inconclusive="0" skipped="0"><properties><property name="python_version" value="3.11.4 (main, Jun  7 2023, 18:32:58) [GCC 10.2.1 20210110]" /></properties><environment framework-version="3.6.2" clr-version="3.11.4 (main, Jun  7 2023, 18:32:58) [GCC 10.2.1 20210110]" os-version="5.15.133.1-microsoft-standard-WSL2" platform="Linux" cwd="/workspaces/GlobalAutomationTest" machine-name="x86_64" user="" user-domain="" culture="en_US" uiculture="en_US" os-architecture="64bit" /></test-suite><test-suite id="testCases/apiTestCases/global/platform/globalApi/test_globalapi_postdepartment.py" name="testCases/apiTestCases/global/platform/globalApi/test_globalapi_postdepartment.py" fullname="testCases/apiTestCases/global/platform/globalApi/test_globalapi_postdepartment.py" methodname="" classname="" runstate="Runnable" type="Assembly" testcasecount="0" result="Passed" label="" start-time="1-01-01 00:00:00.000000" end-time="1-01-01 00:00:00.000000" duration="0.0" asserts="0" total="0" passed="0" failed="0" warnings="0" inconclusive="0" skipped="0"><properties><property name="python_version" value="3.11.4 (main, Jun  7 2023, 18:32:58) [GCC 10.2.1 20210110]" /></properties><environment framework-version="3.6.2" clr-version="3.11.4 (main, Jun  7 2023, 18:32:58) [GCC 10.2.1 20210110]" os-version="5.15.133.1-microsoft-standard-WSL2" platform="Linux" cwd="/workspaces/GlobalAutomationTest" machine-name="x86_64" user="" user-domain="" culture="en_US" uiculture="en_US" os-architecture="64bit" /></test-suite><test-suite id="testCases/apiTestCases/global/platform/globalApi/test_globalapi_postskills.py" name="testCases/apiTestCases/global/platform/globalApi/test_globalapi_postskills.py" fullname="testCases/apiTestCases/global/platform/globalApi/test_globalapi_postskills.py" methodname="" classname="" runstate="Runnable" type="Assembly" testcasecount="0" result="Passed" label="" start-time="1-01-01 00:00:00.000000" end-time="1-01-01 00:00:00.000000" duration="0.0" asserts="0" total="0" passed="0" failed="0" warnings="0" inconclusive="0" skipped="0"><properties><property name="python_version" value="3.11.4 (main, Jun  7 2023, 18:32:58) [GCC 10.2.1 20210110]" /></properties><environment framework-version="3.6.2" clr-version="3.11.4 (main, Jun  7 2023, 18:32:58) [GCC 10.2.1 20210110]" os-version="5.15.133.1-microsoft-standard-WSL2" platform="Linux" cwd="/workspaces/GlobalAutomationTest" machine-name="x86_64" user="" user-domain="" culture="en_US" uiculture="en_US" os-architecture="64bit" /></test-suite><test-suite id="testCases/apiTestCases/global/platform/globalApi/test_globalapi_postenablerestrictedwordsconfig.py" name="testCases/apiTestCases/global/platform/globalApi/test_globalapi_postenablerestrictedwordsconfig.py" fullname="testCases/apiTestCases/global/platform/globalApi/test_globalapi_postenablerestrictedwordsconfig.py" methodname="" classname="" runstate="Runnable" type="Assembly" testcasecount="0" result="Passed" label="" start-time="1-01-01 00:00:00.000000" end-time="1-01-01 00:00:00.000000" duration="0.0" asserts="0" total="0" passed="0" failed="0" warnings="0" inconclusive="0" skipped="0"><properties><property name="python_version" value="3.11.4 (main, Jun  7 2023, 18:32:58) [GCC 10.2.1 20210110]" /></properties><environment framework-version="3.6.2" clr-version="3.11.4 (main, Jun  7 2023, 18:32:58) [GCC 10.2.1 20210110]" os-version="5.15.133.1-microsoft-standard-WSL2" platform="Linux" cwd="/workspaces/GlobalAutomationTest" machine-name="x86_64" user="" user-domain="" culture="en_US" uiculture="en_US" os-architecture="64bit" /></test-suite><test-suite id="testCases/apiTestCases/global/platform/contactApiOlder/test_contactapi_getcontactbyid_older.py::TestGetContactsById" name="testCases/apiTestCases/global/platform/contactApiOlder/test_contactapi_getcontactbyid_older.py::TestGetContactsById" fullname="testCases/apiTestCases/global/platform/contactApiOlder/test_contactapi_getcontactbyid_older.py::TestGetContactsById" methodname="" classname="" runstate="Runnable" type="Assembly" testcasecount="0" result="Passed" label="" start-time="1-01-01 00:00:00.000000" end-time="1-01-01 00:00:00.000000" duration="0.0" asserts="0" total="0" passed="0" failed="0" warnings="0" inconclusive="0" skipped="0"><properties><property name="python_version" value="3.11.4 (main, Jun  7 2023, 18:32:58) [GCC 10.2.1 20210110]" /></properties><environment framework-version="3.6.2" clr-version="3.11.4 (main, Jun  7 2023, 18:32:58) [GCC 10.2.1 20210110]" os-version="5.15.133.1-microsoft-standard-WSL2" platform="Linux" cwd="/workspaces/GlobalAutomationTest" machine-name="x86_64" user="" user-domain="" culture="en_US" uiculture="en_US" os-architecture="64bit" /></test-suite><test-suite id="testCases/apiTestCases/global/partner/childpartnerapi/test_childpartnerapi_getchildpartnerIntegrationConfig.py" name="testCases/apiTestCases/global/partner/childpartnerapi/test_childpartnerapi_getchildpartnerIntegrationConfig.py" fullname="testCases/apiTestCases/global/partner/childpartnerapi/test_childpartnerapi_getchildpartnerIntegrationConfig.py" methodname="" classname="" runstate="Runnable" type="Assembly" testcasecount="0" result="Passed" label="" start-time="1-01-01 00:00:00.000000" end-time="1-01-01 00:00:00.000000" duration="0.0" asserts="0" total="0" passed="0" failed="0" warnings="0" inconclusive="0" skipped="0"><properties><property name="python_version" value="3.11.4 (main, Jun  7 2023, 18:32:58) [GCC 10.2.1 20210110]" /></properties><environment framework-version="3.6.2" clr-version="3.11.4 (main, Jun  7 2023, 18:32:58) [GCC 10.2.1 20210110]" os-version="5.15.133.1-microsoft-standard-WSL2" platform="Linux" cwd="/workspaces/GlobalAutomationTest" machine-name="x86_64" user="" user-domain="" culture="en_US" uiculture="en_US" os-architecture="64bit" /></test-suite><test-suite id="testCases/apiTestCases/global/platform/globalApi/test_globalapi_getrolebyid.py::TestGetRoleById" name="testCases/apiTestCases/global/platform/globalApi/test_globalapi_getrolebyid.py::TestGetRoleById" fullname="testCases/apiTestCases/global/platform/globalApi/test_globalapi_getrolebyid.py::TestGetRoleById" methodname="" classname="" runstate="Runnable" type="Assembly" testcasecount="0" result="Passed" label="" start-time="1-01-01 00:00:00.000000" end-time="1-01-01 00:00:00.000000" duration="0.0" asserts="0" total="0" passed="0" failed="0" warnings="0" inconclusive="0" skipped="0"><properties><property name="python_version" value="3.11.4 (main, Jun  7 2023, 18:32:58) [GCC 10.2.1 20210110]" /></properties><environment framework-version="3.6.2" clr-version="3.11.4 (main, Jun  7 2023, 18:32:58) [GCC 10.2.1 20210110]" os-version="5.15.133.1-microsoft-standard-WSL2" platform="Linux" cwd="/workspaces/GlobalAutomationTest" machine-name="x86_64" user="" user-domain="" culture="en_US" uiculture="en_US" os-architecture="64bit" /></test-suite><test-suite id="testCases/apiTestCases/global/platform/globalApi/test_globalapi_getloginipallowlistconfig.py" name="testCases/apiTestCases/global/platform/globalApi/test_globalapi_getloginipallowlistconfig.py" fullname="testCases/apiTestCases/global/platform/globalApi/test_globalapi_getloginipallowlistconfig.py" methodname="" classname="" runstate="Runnable" type="Assembly" testcasecount="0" result="Passed" label="" start-time="1-01-01 00:00:00.000000" end-time="1-01-01 00:00:00.000000" duration="0.0" asserts="0" total="0" passed="0" failed="0" warnings="0" inconclusive="0" skipped="0"><properties><property name="python_version" value="3.11.4 (main, Jun  7 2023, 18:32:58) [GCC 10.2.1 20210110]" /></properties><environment framework-version="3.6.2" clr-version="3.11.4 (main, Jun  7 2023, 18:32:58) [GCC 10.2.1 20210110]" os-version="5.15.133.1-microsoft-standard-WSL2" platform="Linux" cwd="/workspaces/GlobalAutomationTest" machine-name="x86_64" user="" user-domain="" culture="en_US" uiculture="en_US" os-architecture="64bit" /></test-suite><test-suite id="testCases/apiTestCases/global/platform/globalApi/test_globalapi_putpubliccannedmessagecategory.py" name="testCases/apiTestCases/global/platform/globalApi/test_globalapi_putpubliccannedmessagecategory.py" fullname="testCases/apiTestCases/global/platform/globalApi/test_globalapi_putpubliccannedmessagecategory.py" methodname="" classname="" runstate="Runnable" type="Assembly" testcasecount="0" result="Passed" label="" start-time="1-01-01 00:00:00.000000" end-time="1-01-01 00:00:00.000000" duration="0.0" asserts="0" total="0" passed="0" failed="0" warnings="0" inconclusive="0" skipped="0"><properties><property name="python_version" value="3.11.4 (main, Jun  7 2023, 18:32:58) [GCC 10.2.1 20210110]" /></properties><environment framework-version="3.6.2" clr-version="3.11.4 (main, Jun  7 2023, 18:32:58) [GCC 10.2.1 20210110]" os-version="5.15.133.1-microsoft-standard-WSL2" platform="Linux" cwd="/workspaces/GlobalAutomationTest" machine-name="x86_64" user="" user-domain="" culture="en_US" uiculture="en_US" os-architecture="64bit" /></test-suite><test-suite id="testCases/apiTestCases/global/centerapi/test_global_getplatforms.py" name="testCases/apiTestCases/global/centerapi/test_global_getplatforms.py" fullname="testCases/apiTestCases/global/centerapi/test_global_getplatforms.py" methodname="" classname="" runstate="Runnable" type="Assembly" testcasecount="0" result="Passed" label="" start-time="1-01-01 00:00:00.000000" end-time="1-01-01 00:00:00.000000" duration="0.0" asserts="0" total="0" passed="0" failed="0" warnings="0" inconclusive="0" skipped="0"><properties><property name="python_version" value="3.11.4 (main, Jun  7 2023, 18:32:58) [GCC 10.2.1 20210110]" /></properties><environment framework-version="3.6.2" clr-version="3.11.4 (main, Jun  7 2023, 18:32:58) [GCC 10.2.1 20210110]" os-version="5.15.133.1-microsoft-standard-WSL2" platform="Linux" cwd="/workspaces/GlobalAutomationTest" machine-name="x86_64" user="" user-domain="" culture="en_US" uiculture="en_US" os-architecture="64bit" /></test-suite><test-suite id="testCases/apiTestCases/global/platform/globalApi/test_globalapi_postenablerestrictedwordsconfig.py::TestPostenablerestrictedwordsconfig" name="testCases/apiTestCases/global/platform/globalApi/test_globalapi_postenablerestrictedwordsconfig.py::TestPostenablerestrictedwordsconfig" fullname="testCases/apiTestCases/global/platform/globalApi/test_globalapi_postenablerestrictedwordsconfig.py::TestPostenablerestrictedwordsconfig" methodname="" classname="" runstate="Runnable" type="Assembly" testcasecount="0" result="Passed" label="" start-time="1-01-01 00:00:00.000000" end-time="1-01-01 00:00:00.000000" duration="0.0" asserts="0" total="0" passed="0" failed="0" warnings="0" inconclusive="0" skipped="0"><properties><property name="python_version" value="3.11.4 (main, Jun  7 2023, 18:32:58) [GCC 10.2.1 20210110]" /></properties><environment framework-version="3.6.2" clr-version="3.11.4 (main, Jun  7 2023, 18:32:58) [GCC 10.2.1 20210110]" os-version="5.15.133.1-microsoft-standard-WSL2" platform="Linux" cwd="/workspaces/GlobalAutomationTest" machine-name="x86_64" user="" user-domain="" culture="en_US" uiculture="en_US" os-architecture="64bit" /></test-suite><test-suite id="testCases/apiTestCases/global/platform/loginApi/test_loginapi_login.py" name="testCases/apiTestCases/global/platform/loginApi/test_loginapi_login.py" fullname="testCases/apiTestCases/global/platform/loginApi/test_loginapi_login.py" methodname="" classname="" runstate="Runnable" type="Assembly" testcasecount="0" result="Passed" label="======================&#10;@author:Mila&#10;@time:04/27/2022:3:18 PM&#10;@email:Mila.song@comm100.com&#10;======================" start-time="1-01-01 00:00:00.000000" end-time="1-01-01 00:00:00.000000" duration="0.0" asserts="0" total="0" passed="0" failed="0" warnings="0" inconclusive="0" skipped="0"><properties><property name="python_version" value="3.11.4 (main, Jun  7 2023, 18:32:58) [GCC 10.2.1 20210110]" /></properties><environment framework-version="3.6.2" clr-version="3.11.4 (main, Jun  7 2023, 18:32:58) [GCC 10.2.1 20210110]" os-version="5.15.133.1-microsoft-standard-WSL2" platform="Linux" cwd="/workspaces/GlobalAutomationTest" machine-name="x86_64" user="" user-domain="" culture="en_US" uiculture="en_US" os-architecture="64bit" /></test-suite><test-suite id="testCases/apiTestCases/global/platform/contactApi/test_contactapi_downloadtemplate.py::TestDownloadTemplate" name="testCases/apiTestCases/global/platform/contactApi/test_contactapi_downloadtemplate.py::TestDownloadTemplate" fullname="testCases/apiTestCases/global/platform/contactApi/test_contactapi_downloadtemplate.py::TestDownloadTemplate" methodname="" classname="" runstate="Runnable" type="Assembly" testcasecount="3" result="Passed" label="" start-time="2024-02-20 03:19:46.283440" end-time="2024-02-20 03:19:46.351157" duration="0.067717" asserts="0" total="3" passed="0" failed="3" warnings="0" inconclusive="0" skipped="0"><properties><property name="python_version" value="3.11.4 (main, Jun  7 2023, 18:32:58) [GCC 10.2.1 20210110]" /></properties><test-case id="139" name="testCases/apiTestCases/global/platform/contactApi/test_contactapi_downloadtemplate.py::TestDownloadTemplate::test_download_template[download template]" fullname="testCases/apiTestCases/global/platform/contactApi/test_contactapi_downloadtemplate.py::TestDownloadTemplate::test_download_template[download template]" methodname="test_download_template[download template]" classname="TestDownloadTemplate" runstate="Runnable" seed="1" result="Failed" label="" start-time="2024-02-20 03:19:46.283440" end-time="2024-02-20 03:19:46.283848" duration="0" asserts="0"><properties><property name="python-version" value="3.11.4 (main, Jun  7 2023, 18:32:58) [GCC 10.2.1 20210110]" /><property name="fspath" value="testCases/apiTestCases/global/platform/contactApi/test_contactapi_downloadtemplate.py" /></properties><environment framework-version="3.6.2" clr-version="3.11.4 (main, Jun  7 2023, 18:32:58) [GCC 10.2.1 20210110]" os-version="5.15.133.1-microsoft-standard-WSL2" platform="Linux" cwd="/workspaces/GlobalAutomationTest" machine-name="x86_64" user="" user-domain="" culture="en_US" uiculture="en_US" os-architecture="64bit" /><failure><message><![CDATA[]]></message><stack-trace><![CDATA[]]></stack-trace></failure><reason><message><![CDATA[]]></message></reason><output><![CDATA[]]></output></test-case><test-case id="140" name="testCases/apiTestCases/global/platform/contactApi/test_contactapi_downloadtemplate.py::TestDownloadTemplate::test_download_template_apikey[download template[api_key]]" fullname="testCases/apiTestCases/global/platform/contactApi/test_contactapi_downloadtemplate.py::TestDownloadTemplate::test_download_template_apikey[download template[api_key]]" methodname="test_download_template_apikey[download template[api_key]]" classname="TestDownloadTemplate" runstate="Runnable" seed="1" result="Failed" label="" start-time="2024-02-20 03:19:46.320699" end-time="2024-02-20 03:19:46.321049" duration="0" asserts="0"><properties><property name="python-version" value="3.11.4 (main, Jun  7 2023, 18:32:58) [GCC 10.2.1 20210110]" /><property name="fspath" value="testCases/apiTestCases/global/platform/contactApi/test_contactapi_downloadtemplate.py" /></properties><environment framework-version="3.6.2" clr-version="3.11.4 (main, Jun  7 2023, 18:32:58) [GCC 10.2.1 20210110]" os-version="5.15.133.1-microsoft-standard-WSL2" platform="Linux" cwd="/workspaces/GlobalAutomationTest" machine-name="x86_64" user="" user-domain="" culture="en_US" uiculture="en_US" os-architecture="64bit" /><failure><message><![CDATA[]]></message><stack-trace><![CDATA[]]></stack-trace></failure><reason><message><![CDATA[]]></message></reason><output><![CDATA[]]></output></test-case><test-case id="141" name="testCases/apiTestCases/global/platform/contactApi/test_contactapi_downloadtemplate.py::TestDownloadTemplate::test_download_template_oauth_token[download template[oauth_token]]" fullname="testCases/apiTestCases/global/platform/contactApi/test_contactapi_downloadtemplate.py::TestDownloadTemplate::test_download_template_oauth_token[download template[oauth_token]]" methodname="test_download_template_oauth_token[download template[oauth_token]]" classname="TestDownloadTemplate" runstate="Runnable" seed="1" result="Failed" label="" start-time="2024-02-20 03:19:46.350799" end-time="2024-02-20 03:19:46.351157" duration="0" asserts="0"><properties><property name="python-version" value="3.11.4 (main, Jun  7 2023, 18:32:58) [GCC 10.2.1 20210110]" /><property name="fspath" value="testCases/apiTestCases/global/platform/contactApi/test_contactapi_downloadtemplate.py" /></properties><environment framework-version="3.6.2" clr-version="3.11.4 (main, Jun  7 2023, 18:32:58) [GCC 10.2.1 20210110]" os-version="5.15.133.1-microsoft-standard-WSL2" platform="Linux" cwd="/workspaces/GlobalAutomationTest" machine-name="x86_64
[...]
al/platform/contactApi/test_contactapi_getfieldbyid.py" methodname="" classname="" runstate="Runnable" type="Assembly" testcasecount="0" result="Passed" label="" start-time="1-01-01 00:00:00.000000" end-time="1-01-01 00:00:00.000000" duration="0.0" asserts="0" total="0" passed="0" failed="0" warnings="0" inconclusive="0" skipped="0"><properties><property name="python_version" value="3.11.4 (main, Jun  7 2023, 18:32:58) [GCC 10.2.1 20210110]" /></properties><environment framework-version="3.6.2" clr-version="3.11.4 (main, Jun  7 2023, 18:32:58) [GCC 10.2.1 20210110]" os-version="5.15.133.1-microsoft-standard-WSL2" platform="Linux" cwd="/workspaces/GlobalAutomationTest" machine-name="x86_64" user="" user-domain="" culture="en_US" uiculture="en_US" os-architecture="64bit" /></test-suite><test-suite id="testCases/apiTestCases/global/partner/partnerglobalapi/test_partnerglobalapi_deleteoauthbyid.py" name="testCases/apiTestCases/global/partner/partnerglobalapi/test_partnerglobalapi_deleteoauthbyid.py" fullname="testCases/apiTestCases/global/partner/partnerglobalapi/test_partnerglobalapi_deleteoauthbyid.py" methodname="" classname="" runstate="Runnable" type="Assembly" testcasecount="0" result="Passed" label="" start-time="1-01-01 00:00:00.000000" end-time="1-01-01 00:00:00.000000" duration="0.0" asserts="0" total="0" passed="0" failed="0" warnings="0" inconclusive="0" skipped="0"><properties><property name="python_version" value="3.11.4 (main, Jun  7 2023, 18:32:58) [GCC 10.2.1 20210110]" /></properties><environment framework-version="3.6.2" clr-version="3.11.4 (main, Jun  7 2023, 18:32:58) [GCC 10.2.1 20210110]" os-version="5.15.133.1-microsoft-standard-WSL2" platform="Linux" cwd="/workspaces/GlobalAutomationTest" machine-name="x86_64" user="" user-domain="" culture="en_US" uiculture="en_US" os-architecture="64bit" /></test-suite><test-suite id="testCases/apiTestCases/global/platform/globalApi/test_globalapi_putpubliccannedmessage.py::TestPutPublicCannedMessage" name="testCases/apiTestCases/global/platform/globalApi/test_globalapi_putpubliccannedmessage.py::TestPutPublicCannedMessage" fullname="testCases/apiTestCases/global/platform/globalApi/test_globalapi_putpubliccannedmessage.py::TestPutPublicCannedMessage" methodname="" classname="" runstate="Runnable" type="Assembly" testcasecount="0" result="Passed" label="" start-time="1-01-01 00:00:00.000000" end-time="1-01-01 00:00:00.000000" duration="0.0" asserts="0" total="0" passed="0" failed="0" warnings="0" inconclusive="0" skipped="0"><properties><property name="python_version" value="3.11.4 (main, Jun  7 2023, 18:32:58) [GCC 10.2.1 20210110]" /></properties><environment framework-version="3.6.2" clr-version="3.11.4 (main, Jun  7 2023, 18:32:58) [GCC 10.2.1 20210110]" os-version="5.15.133.1-microsoft-standard-WSL2" platform="Linux" cwd="/workspaces/GlobalAutomationTest" machine-name="x86_64" user="" user-domain="" culture="en_US" uiculture="en_US" os-architecture="64bit" /></test-suite><test-suite id="testCases/apiTestCases/global/platform/globalApi/test_globalapi_putrolebyid.py::TestPutRoleById" name="testCases/apiTestCases/global/platform/globalApi/test_globalapi_putrolebyid.py::TestPutRoleById" fullname="testCases/apiTestCases/global/platform/globalApi/test_globalapi_putrolebyid.py::TestPutRoleById" methodname="" classname="" runstate="Runnable" type="Assembly" testcasecount="0" result="Passed" label="" start-time="1-01-01 00:00:00.000000" end-time="1-01-01 00:00:00.000000" duration="0.0" asserts="0" total="0" passed="0" failed="0" warnings="0" inconclusive="0" skipped="0"><properties><property name="python_version" value="3.11.4 (main, Jun  7 2023, 18:32:58) [GCC 10.2.1 20210110]" /></properties><environment framework-version="3.6.2" clr-version="3.11.4 (main, Jun  7 2023, 18:32:58) [GCC 10.2.1 20210110]" os-version="5.15.133.1-microsoft-standard-WSL2" platform="Linux" cwd="/workspaces/GlobalAutomationTest" machine-name="x86_64" user="" user-domain="" culture="en_US" uiculture="en_US" os-architecture="64bit" /></test-suite><test-suite id="testCases/apiTestCases/global/partner/billingapi/test_billingapi_getsiteagents.py::TestGetSiteAgents" name="testCases/apiTestCases/global/partner/billingapi/test_billingapi_getsiteagents.py::TestGetSiteAgents" fullname="testCases/apiTestCases/global/partner/billingapi/test_billingapi_getsiteagents.py::TestGetSiteAgents" methodname="" classname="" runstate="Runnable" type="Assembly" testcasecount="0" result="Passed" label="" start-time="1-01-01 00:00:00.000000" end-time="1-01-01 00:00:00.000000" duration="0.0" asserts="0" total="0" passed="0" failed="0" warnings="0" inconclusive="0" skipped="0"><properties><property name="python_version" value="3.11.4 (main, Jun  7 2023, 18:32:58) [GCC 10.2.1 20210110]" /></properties><environment framework-version="3.6.2" clr-version="3.11.4 (main, Jun  7 2023, 18:32:58) [GCC 10.2.1 20210110]" os-version="5.15.133.1-microsoft-standard-WSL2" platform="Linux" cwd="/workspaces/GlobalAutomationTest" machine-name="x86_64" user="" user-domain="" culture="en_US" uiculture="en_US" os-architecture="64bit" /></test-suite><test-suite id="testCases/apiTestCases/global/platform/globalApi/test_globalapi_getroles.py::TestGetRoles" name="testCases/apiTestCases/global/platform/globalApi/test_globalapi_getroles.py::TestGetRoles" fullname="testCases/apiTestCases/global/platform/globalApi/test_globalapi_getroles.py::TestGetRoles" methodname="" classname="" runstate="Runnable" type="Assembly" testcasecount="0" result="Passed" label="" start-time="1-01-01 00:00:00.000000" end-time="1-01-01 00:00:00.000000" duration="0.0" asserts="0" total="0" passed="0" failed="0" warnings="0" inconclusive="0" skipped="0"><properties><property name="python_version" value="3.11.4 (main, Jun  7 2023, 18:32:58) [GCC 10.2.1 20210110]" /></properties><environment framework-version="3.6.2" clr-version="3.11.4 (main, Jun  7 2023, 18:32:58) [GCC 10.2.1 20210110]" os-version="5.15.133.1-microsoft-standard-WSL2" platform="Linux" cwd="/workspaces/GlobalAutomationTest" machine-name="x86_64" user="" user-domain="" culture="en_US" uiculture="en_US" os-architecture="64bit" /></test-suite><test-suite id="testCases/apiTestCases/global/platform/contactApi/test_contactapi_postcontactidentity.py" name="testCases/apiTestCases/global/platform/contactApi/test_contactapi_postcontactidentity.py" fullname="testCases/apiTestCases/global/platform/contactApi/test_contactapi_postcontactidentity.py" methodname="" classname="" runstate="Runnable" type="Assembly" testcasecount="0" result="Passed" label="" start-time="1-01-01 00:00:00.000000" end-time="1-01-01 00:00:00.000000" duration="0.0" asserts="0" total="0" passed="0" failed="0" warnings="0" inconclusive="0" skipped="0"><properties><property name="python_version" value="3.11.4 (main, Jun  7 2023, 18:32:58) [GCC 10.2.1 20210110]" /></properties><environment framework-version="3.6.2" clr-version="3.11.4 (main, Jun  7 2023, 18:32:58) [GCC 10.2.1 20210110]" os-version="5.15.133.1-microsoft-standard-WSL2" platform="Linux" cwd="/workspaces/GlobalAutomationTest" machine-name="x86_64" user="" user-domain="" culture="en_US" uiculture="en_US" os-architecture="64bit" /></test-suite><test-suite id="testCases/apiTestCases/global/centerapi/test_global_agent.py::TestGetCenterAgents" name="testCases/apiTestCases/global/centerapi/test_global_agent.py::TestGetCenterAgents" fullname="testCases/apiTestCases/global/centerapi/test_global_agent.py::TestGetCenterAgents" methodname="" classname="" runstate="Runnable" type="Assembly" testcasecount="0" result="Passed" label="" start-time="1-01-01 00:00:00.000000" end-time="1-01-01 00:00:00.000000" duration="0.0" asserts="0" total="0" passed="0" failed="0" warnings="0" inconclusive="0" skipped="0"><properties><property name="python_version" value="3.11.4 (main, Jun  7 2023, 18:32:58) [GCC 10.2.1 20210110]" /></properties><environment framework-version="3.6.2" clr-version="3.11.4 (main, Jun  7 2023, 18:32:58) [GCC 10.2.1 20210110]" os-version="5.15.133.1-microsoft-standard-WSL2" platform="Linux" cwd="/workspaces/GlobalAutomationTest" machine-name="x86_64" user="" user-domain="" culture="en_US" uiculture="en_US" os-architecture="64bit" /></test-suite><test-suite id="testCases/apiTestCases/global/routeserver/test_global_getagent.py" name="testCases/apiTestCases/global/routeserver/test_global_getagent.py" fullname="testCases/apiTestCases/global/routeserver/test_global_getagent.py" methodname="" classname="" runstate="Runnable" type="Assembly" testcasecount="0" result="Passed" label="" start-time="1-01-01 00:00:00.000000" end-time="1-01-01 00:00:00.000000" duration="0.0" asserts="0" total="0" passed="0" failed="0" warnings="0" inconclusive="0" skipped="0"><properties><property name="python_version" value="3.11.4 (main, Jun  7 2023, 18:32:58) [GCC 10.2.1 20210110]" /></properties><environment framework-version="3.6.2" clr-version="3.11.4 (main, Jun  7 2023, 18:32:58) [GCC 10.2.1 20210110]" os-version="5.15.133.1-microsoft-standard-WSL2" platform="Linux" cwd="/workspaces/GlobalAutomationTest" machine-name="x86_64" user="" user-domain="" culture="en_US" uiculture="en_US" os-architecture="64bit" /></test-suite><test-suite id="testCases/apiTestCases/global/partner/partnerglobalapi/test_partnerglobalapi_postoauth.py" name="testCases/apiTestCases/global/partner/partnerglobalapi/test_partnerglobalapi_postoauth.py" fullname="testCases/apiTestCases/global/partner/partnerglobalapi/test_partnerglobalapi_postoauth.py" methodname="" classname="" runstate="Runnable" type="Assembly" testcasecount="0" result="Passed" label="" start-time="1-01-01 00:00:00.000000" end-time="1-01-01 00:00:00.000000" duration="0.0" asserts="0" total="0" passed="0" failed="0" warnings="0" inconclusive="0" skipped="0"><properties><property name="python_version" value="3.11.4 (main, Jun  7 2023, 18:32:58) [GCC 10.2.1 20210110]" /></properties><environment framework-version="3.6.2" clr-version="3.11.4 (main, Jun  7 2023, 18:32:58) [GCC 10.2.1 20210110]" os-version="5.15.133.1-microsoft-standard-WSL2" platform="Linux" cwd="/workspaces/GlobalAutomationTest" machine-name="x86_64" user="" user-domain="" culture="en_US" uiculture="en_US" os-architecture="64bit" /></test-suite><test-suite id="testCases/apiTestCases/global/partner/childpartnerapi/test_childpartnerapi_getchildpartnerbykeywords.py" name="testCases/apiTestCases/global/partner/childpartnerapi/test_childpartnerapi_getchildpartnerbykeywords.py" fullname="testCases/apiTestCases/global/partner/childpartnerapi/test_childpartnerapi_getchildpartnerbykeywords.py" methodname="" classname="" runstate="Runnable" type="Assembly" testcasecount="0" result="Passed" label="" start-time="1-01-01 00:00:00.000000" end-time="1-01-01 00:00:00.000000" duration="0.0" asserts="0" total="0" passed="0" failed="0" warnings="0" inconclusive="0" skipped="0"><properties><property name="python_version" value="3.11.4 (main, Jun  7 2023, 18:32:58) [GCC 10.2.1 20210110]" /></properties><environment framework-version="3.6.2" clr-version="3.11.4 (main, Jun  7 2023, 18:32:58) [GCC 10.2.1 20210110]" os-version="5.15.133.1-microsoft-standard-WSL2" platform="Linux" cwd="/workspaces/GlobalAutomationTest" machine-name="x86_64" user="" user-domain="" culture="en_US" uiculture="en_US" os-architecture="64bit" /></test-suite><test-suite id="testCases/apiTestCases/global/partner/partnerglobalapi/test_global_putpartneruserbyid.py" name="testCases/apiTestCases/global/partner/partnerglobalapi/test_global_putpartneruserbyid.py" fullname="testCases/apiTestCases/global/partner/partnerglobalapi/test_global_putpartneruserbyid.py" methodname="" classname="" runstate="Runnable" type="Assembly" testcasecount="0" result="Passed" label="" start-time="1-01-01 00:00:00.000000" end-time="1-01-01 00:00:00.000000" duration="0.0" asserts="0" total="0" passed="0" failed="0" warnings="0" inconclusive="0" skipped="0"><properties><property name="python_version" value="3.11.4 (main, Jun  7 2023, 18:32:58) [GCC 10.2.1 20210110]" /></properties><environment framework-version="3.6.2" clr-version="3.11.4 (main, Jun  7 2023, 18:32:58) [GCC 10.2.1 20210110]" os-version="5.15.133.1-microsoft-standard-WSL2" platform="Linux" cwd="/workspaces/GlobalAutomationTest" machine-name="x86_64" user="" user-domain="" culture="en_US" uiculture="en_US" os-architecture="64bit" /></test-suite><test-suite id="testCases/apiTestCases/global/platform/globalApi/test_globalapi_getoauthbyid.py" name="testCases/apiTestCases/global/platform/globalApi/test_globalapi_getoauthbyid.py" fullname="testCases/apiTestCases/global/platform/globalApi/test_globalapi_getoauthbyid.py" methodname="" classname="" runstate="Runnable" type="Assembly" testcasecount="0" result="Passed" label="" start-time="1-01-01 00:00:00.000000" end-time="1-01-01 00:00:00.000000" duration="0.0" asserts="0" total="0" passed="0" failed="0" warnings="0" inconclusive="0" skipped="0"><properties><property name="python_version" value="3.11.4 (main, Jun  7 2023, 18:32:58) [GCC 10.2.1 20210110]" /></properties><environment framework-version="3.6.2" clr-version="3.11.4 (main, Jun  7 2023, 18:32:58) [GCC 10.2.1 20210110]" os-version="5.15.133.1-microsoft-standard-WSL2" platform="Linux" cwd="/workspaces/GlobalAutomationTest" machine-name="x86_64" user="" user-domain="" culture="en_US" uiculture="en_US" os-architecture="64bit" /></test-suite><test-suite id="testCases/apiTestCases/global/platform/contactApiOlder/test_contactapi_getcontactbyid_older.py" name="testCases/apiTestCases/global/platform/contactApiOlder/test_contactapi_getcontactbyid_older.py" fullname="testCases/apiTestCases/global/platform/contactApiOlder/test_contactapi_getcontactbyid_older.py" methodname="" classname="" runstate="Runnable" type="Assembly" testcasecount="0" result="Passed" label="" start-time="1-01-01 00:00:00.000000" end-time="1-01-01 00:00:00.000000" duration="0.0" asserts="0" total="0" passed="0" failed="0" warnings="0" inconclusive="0" skipped="0"><properties><property name="python_version" value="3.11.4 (main, Jun  7 2023, 18:32:58) [GCC 10.2.1 20210110]" /></properties><environment framework-version="3.6.2" clr-version="3.11.4 (main, Jun  7 2023, 18:32:58) [GCC 10.2.1 20210110]" os-version="5.15.133.1-microsoft-standard-WSL2" platform="Linux" cwd="/workspaces/GlobalAutomationTest" machine-name="x86_64" user="" user-domain="" culture="en_US" uiculture="en_US" os-architecture="64bit" /></test-suite><test-suite id="testCases/apiTestCases/global/partner/billingapi/test_billingapi_getsiteseatcount.py::TestGetSiteSeatCount" name="testCases/apiTestCases/global/partner/billingapi/test_billingapi_getsiteseatcount.py::TestGetSiteSeatCount" fullname="testCases/apiTestCases/global/partner/billingapi/test_billingapi_getsiteseatcount.py::TestGetSiteSeatCount" methodname="" classname="" runstate="Runnable" type="Assembly" testcasecount="0" result="Passed" label="" start-time="1-01-01 00:00:00.000000" end-time="1-01-01 00:00:00.000000" duration="0.0" asserts="0" total="0" passed="0" failed="0" warnings="0" inconclusive="0" skipped="0"><properties><property name="python_version" value="3.11.4 (main, Jun  7 2023, 18:32:58) [GCC 10.2.1 20210110]" /></properties><environment framework-version="3.6.2" clr-version="3.11.4 (main, Jun  7 2023, 18:32:58) [GCC 10.2.1 20210110]" os-version="5.15.133.1-microsoft-standard-WSL2" platform="Linux" cwd="/workspaces/GlobalAutomationTest" machine-name="x86_64" user="" user-domain="" culture="en_US" uiculture="en_US" os-architecture="64bit" /></test-suite><test-suite id="testCases/apiTestCases/global/partner/partnerglobalapi/test_partnerglobalapi_putoauthbyid.py::TestPutPartnerOauthById" name="testCases/apiTestCases/global/partner/partnerglobalapi/test_partnerglobalapi_putoauthbyid.py::TestPutPartnerOauthById" fullname="testCases/apiTestCases/global/partner/partnerglobalapi/test_partnerglobalapi_putoauthbyid.py::TestPutPartnerOauthById" methodname="" classname="" runstate="Runnable" type="Assembly" testcasecount="0" result="Passed" label="" start-time="1-01-01 00:00:00.000000" end-time="1-01-01 00:00:00.000000" duration="0.0" asserts="0" total="0" passed="0" failed="0" warnings="0" inconclusive="0" skipped="0"><properties><property name="python_version" value="3.11.4 (main, Jun  7 2023, 18:32:58) [GCC 10.2.1 20210110]" /></properties><environment framework-version="3.6.2" clr-version="3.11.4 (main, Jun  7 2023, 18:32:58) [GCC 10.2.1 20210110]" os-version="5.15.133.1-microsoft-standard-WSL2" platform="Linux" cwd="/workspaces/GlobalAutomationTest" machine-name="x86_64" user="" user-domain="" culture="en_US" uiculture="en_US" os-architecture="64bit" /></test-suite><test-suite id="testCases/apiTestCases/global/partner/billingapi/test_billingapi_getallsitebillingprofiles.py" name="testCases/apiTestCases/global/partner/billingapi/test_billingapi_getallsitebillingprofiles.py" fullname="testCases/apiTestCases/global/partner/billingapi/test_billingapi_getallsitebillingprofiles.py" methodname="" classname="" runstate="Runnable" type="Assembly" testcasecount="0" result="Passed" label="" start-time="1-01-01 00:00:00.000000" end-time="1-01-01 00:00:00.000000" duration="0.0" asserts="0" total="0" passed="0" failed="0" warnings="0" inconclusive="0" skipped="0"><properties><property name="python_version" value="3.11.4 (main, Jun  7 2023, 18:32:58) [GCC 10.2.1 20210110]" /></properties><environment framework-version="3.6.2" clr-version="3.11.4 (main, Jun  7 2023, 18:32:58) [GCC 10.2.1 20210110]" os-version="5.15.133.1-microsoft-standard-WSL2" platform="Linux" cwd="/workspaces/GlobalAutomationTest" machine-name="x86_64" user="" user-domain="" culture="en_US" uiculture="en_US" os-architecture="64bit" /></test-suite><test-suite id="testCases/apiTestCases/global/platform/agent/test_global_changeagentpasswordbyid.py" name="testCases/apiTestCases/global/platform/agent/test_global_changeagentpasswordbyid.py" fullname="testCases/apiTestCases/global/platform/agent/test_global_changeagentpasswordbyid.py" methodname="" classname="" runstate="Runnable" type="Assembly" testcasecount="0" result="Passed" label="" start-time="1-01-01 00:00:00.000000" end-time="1-01-01 00:00:00.000000" duration="0.0" asserts="0" total="0" passed="0" failed="0" warnings="0" inconclusive="0" skipped="0"><properties><property name="python_version" value="3.11.4 (main, Jun  7 2023, 18:32:58) [GCC 10.2.1 20210110]" /></properties><environment framework-version="3.6.2" clr-version="3.11.4 (main, Jun  7 2023, 18:32:58) [GCC 10.2.1 20210110]" os-version="5.15.133.1-microsoft-standard-WSL2" platform="Linux" cwd="/workspaces/GlobalAutomationTest" machine-name="x86_64" user="" user-domain="" culture="en_US" uiculture="en_US" os-architecture="64bit" /></test-suite><test-suite id="testCases/apiTestCases/global/partner/childpartnerapi/test_childpartnerapi_getchildpartnerIntegrationConfig.py::TestGetIntegrationConfigOfChildPartnerById" name="testCases/apiTestCases/global/partner/childpartnerapi/test_childpartnerapi_getchildpartnerIntegrationConfig.py::TestGetIntegrationConfigOfChildPartnerById" fullname="testCases/apiTestCases/global/partner/childpartnerapi/test_childpartnerapi_getchildpartnerIntegrationConfig.py::TestGetIntegrationConfigOfChildPartnerById" methodname="" classname="" runstate="Runnable" type="Assembly" testcasecount="0" result="Passed" label="" start-time="1-01-01 00:00:00.000000" end-time="1-01-01 00:00:00.000000" duration="0.0" asserts="0" total="0" passed="0" failed="0" warnings="0" inconclusive="0" skipped="0"><properties><property name="python_version" value="3.11.4 (main, Jun  7 2023, 18:32:58) [GCC 10.2.1 20210110]" /></properties><environment framework-version="3.6.2" clr-version="3.11.4 (main, Jun  7 2023, 18:32:58) [GCC 10.2.1 20210110]" os-version="5.15.133.1-microsoft-standard-WSL2" platform="Linux" cwd="/workspaces/GlobalAutomationTest" machine-name="x86_64" user="" user-domain="" culture="en_US" uiculture="en_US" os-architecture="64bit" /></test-suite></test-run>