<test-run id="2" testcasecount="0" result="Passed" start-time="2025-01-18 01:30:15.952609" end-time="2025-01-18 01:30:16.113332" duration="0" total="0" passed="0" failed="0" inconclusive="0" skipped="0" asserts="0" clr-version="3.9.2 (default, Feb 28 2021, 17:03:44) &#10;[GCC 10.2.1 20210110]" engine-version="3.6.2"><command-line>/workspaces/GlobalAutomationTest/.venv/lib/python3.9/site-packages/pytest/__main__.py --color no --fixtures -v /workspaces/GlobalAutomationTest/testCases/uiTestCases/unifiedlogin/secure_sign_in/test_secure_sign_in_page.py</command-line><filter><test re="0">/workspaces/GlobalAutomationTest/testCases/uiTestCases/unifiedlogin/secure_sign_in/test_secure_sign_in_page.py</test></filter><test-suite id="testCases/uiTestCases/unifiedlogin/secure_sign_in/test_secure_sign_in_page.py::TestSecureSignInPage" name="testCases/uiTestCases/unifiedlogin/secure_sign_in/test_secure_sign_in_page.py::TestSecureSignInPage" fullname="testCases/uiTestCases/unifiedlogin/secure_sign_in/test_secure_sign_in_page.py::TestSecureSignInPage" methodname="" classname="" runstate="Runnable" type="Assembly" testcasecount="0" result="Passed" label="" start-time="1-01-01 00:00:00.000000" end-time="1-01-01 00:00:00.000000" duration="0.0" asserts="0" total="0" passed="0" failed="0" warnings="0" inconclusive="0" skipped="0"><properties><property name="python_version" value="3.9.2 (default, Feb 28 2021, 17:03:44) &#10;[GCC 10.2.1 20210110]" /></properties><environment framework-version="3.6.2" clr-version="3.9.2 (default, Feb 28 2021, 17:03:44) &#10;[GCC 10.2.1 20210110]" os-version="5.15.167.4-microsoft-standard-WSL2" platform="Linux" cwd="/workspaces/GlobalAutomationTest" machine-name="x86_64" user="" user-domain="" culture="en_US" uiculture="en_US" os-architecture="64bit" /></test-suite></test-run>